info: Request: [GET] /api/test/loggerTest
debug: This is a debug message
http: This is an HTTP message
info: This is an info message
info: Request processed successfully
info: Request: [GET] /api/test/loggerTest
debug: This is a debug message
http: This is an HTTP message
info: This is an info message
info: Request processed successfully
info: Request: [GET] /api/test/loggerTest
debug: This is a debug message
http: This is an HTTP message
info: This is an info message
info: Request processed successfully
info: Request: [GET] /api/test/loggerTest
debug: This is a debug message
http: This is an HTTP message
info: This is an info message
info: Request processed successfully
info: Request: [GET] /api/test/loggerTest
debug: This is a debug message
http: This is an HTTP message
info: This is an info message
info: Request processed successfully
info: Request: [GET] /api/test/loggerTest
debug: This is a debug message
http: This is an HTTP message
info: This is an info message
info: Request processed successfully
info: Request: [GET] /api/test/loggerTest
debug: This is a debug message
http: This is an HTTP message
info: This is an info message
info: Request processed successfully
{"level":"info","message":"MongoDB connected"}
{"level":"info","message":"MongoDB connected"}
{"level":"info","message":"MongoDB connected"}
{"level":"info","message":"MongoDB connected"}
{"level":"info","message":"MongoDB connected"}
{"level":"info","message":"MongoDB connected"}
{"level":"info","message":"MongoDB connected"}
{"level":"info","message":"MongoDB connected"}
{"level":"info","message":"MongoDB connected"}
{"level":"info","message":"MongoDB connected"}
{"level":"info","message":"MongoDB connected"}
{"level":"info","message":"MongoDB connected"}
{"level":"info","message":"MongoDB connected"}
{"level":"info","message":"MongoDB connected"}
{"level":"info","message":"MongoDB connected"}
{"level":"info","message":"MongoDB connected"}
{"level":"info","message":"MongoDB connected"}
{"level":"info","message":"MongoDB connected"}
{"level":"info","message":"MongoDB connected"}
{"level":"info","message":"MongoDB connected"}
{"level":"info","message":"MongoDB connected"}
{"level":"info","message":"MongoDB connected"}
{"level":"info","message":"MongoDB connected"}
{"level":"info","message":"MongoDB connected"}
{"level":"info","message":"MongoDB connected"}
{"level":"info","message":"MongoDB connected"}
{"level":"info","message":"MongoDB connected"}
{"level":"info","message":"MongoDB connected"}
{"level":"info","message":"MongoDB connected"}
{"level":"info","message":"MongoDB connected"}
{"level":"info","message":"MongoDB connected"}
{"level":"info","message":"MongoDB connected"}
{"level":"info","message":"MongoDB connected"}
{"level":"info","message":"MongoDB connected"}
{"level":"info","message":"MongoDB connected"}
{"level":"info","message":"MongoDB connected"}
