info: Request: [GET] /api/test/loggerTest
debug: This is a debug message
http: This is an HTTP message
info: This is an info message
warn: This is a warning message
error: This is an error message
info: Request processed successfully
info: Request: [GET] /api/test/loggerTest
debug: This is a debug message
http: This is an HTTP message
info: This is an info message
warn: This is a warning message
error: This is an error message
info: Request processed successfully
info: Request: [GET] /api/test/loggerTest
debug: This is a debug message
http: This is an HTTP message
info: This is an info message
warn: This is a warning message
error: This is an error message
info: Request processed successfully
info: Request: [GET] /api/test/loggerTest
debug: This is a debug message
http: This is an HTTP message
info: This is an info message
warn: This is a warning message
error: This is an error message
info: Request processed successfully
info: Request: [GET] /api/test/loggerTest
debug: This is a debug message
http: This is an HTTP message
info: This is an info message
warn: This is a warning message
error: This is an error message
info: Request processed successfully
info: Request: [GET] /api/test/loggerTest
debug: This is a debug message
http: This is an HTTP message
info: This is an info message
warn: This is a warning message
error: This is an error message
info: Request processed successfully
info: Request: [GET] /api/test/loggerTest
debug: This is a debug message
http: This is an HTTP message
info: This is an info message
warn: This is a warning message
error: This is an error message
info: Request processed successfully
