{"level":"info","message":"MongoDB connected"}
{"level":"info","message":"MongoDB connected"}
{"level":"info","message":"MongoDB connected"}
{"level":"info","message":"Request: [GET] /api/users"}
{"level":"debug","message":"This is a debug message"}
{"level":"http","message":"This is an HTTP message"}
{"level":"info","message":"This is an info message"}
{"level":"info","message":"Request processed successfully"}
{"level":"info","message":"Request: [GET] /api/test/loggerTest"}
{"level":"debug","message":"This is a debug message"}
{"level":"http","message":"This is an HTTP message"}
{"level":"info","message":"This is an info message"}
{"level":"info","message":"Request processed successfully"}
{"level":"info","message":"MongoDB connected"}
{"level":"debug","message":"This is a debug message"}
{"level":"http","message":"This is an HTTP message"}
{"level":"info","message":"This is an info message"}
{"level":"info","message":"Request processed successfully"}
{"level":"debug","message":"This is a debug message"}
{"level":"http","message":"This is an HTTP message"}
{"level":"info","message":"This is an info message"}
{"level":"info","message":"Request processed successfully"}
{"level":"info","message":"MongoDB connected"}
{"level":"info","message":"Request: [GET] /api/users"}
{"level":"debug","message":"This is a debug message"}
{"level":"http","message":"This is an HTTP message"}
{"level":"info","message":"This is an info message"}
{"level":"info","message":"Request processed successfully"}
{"level":"info","message":"MongoDB connected"}
{"level":"info","message":"Request: [GET] /api/users"}
{"level":"info","message":"MongoDB connected"}
{"level":"info","message":"MongoDB connected"}
{"level":"debug","message":"This is a debug message"}
{"level":"http","message":"This is an HTTP message"}
{"level":"info","message":"This is an info message"}
{"level":"info","message":"Request processed successfully"}
{"level":"info","message":"MongoDB connected"}
{"level":"info","message":"MongoDB connected"}
{"level":"info","message":"MongoDB connected"}
{"level":"info","message":"Request: [GET] /api/users"}
{"level":"debug","message":"This is a debug message"}
{"level":"http","message":"This is an HTTP message"}
{"level":"info","message":"This is an info message"}
{"level":"info","message":"Request processed successfully"}
{"level":"info","message":"MongoDB connected"}
{"level":"info","message":"Request: [GET] /api/users"}
{"level":"debug","message":"This is a debug message"}
{"level":"http","message":"This is an HTTP message"}
{"level":"info","message":"This is an info message"}
{"level":"info","message":"Request processed successfully"}
{"level":"info","message":"MongoDB connected"}
{"level":"info","message":"MongoDB connected"}
{"level":"info","message":"Request: [GET] /api/users"}
{"level":"debug","message":"This is a debug message"}
{"level":"http","message":"This is an HTTP message"}
{"level":"info","message":"This is an info message"}
{"level":"info","message":"Request: [GET] /api/users"}
{"level":"debug","message":"This is a debug message"}
{"level":"http","message":"This is an HTTP message"}
{"level":"info","message":"This is an info message"}
{"level":"info","message":"MongoDB connected"}
{"level":"info","message":"Request: [GET] /api/users"}
{"level":"debug","message":"This is a debug message"}
{"level":"http","message":"This is an HTTP message"}
{"level":"info","message":"This is an info message"}
{"level":"info","message":"MongoDB connected"}
{"level":"info","message":"MongoDB connected"}
{"level":"info","message":"Request: [GET] /api/users"}
{"level":"debug","message":"This is a debug message"}
{"level":"http","message":"This is an HTTP message"}
{"level":"info","message":"This is an info message"}
{"level":"info","message":"Request processed successfully"}
{"level":"info","message":"MongoDB connected"}
{"level":"info","message":"MongoDB connected"}
{"level":"info","message":"Request: [GET] /api/users"}
{"level":"debug","message":"This is a debug message"}
{"level":"http","message":"This is an HTTP message"}
{"level":"info","message":"This is an info message"}
{"level":"debug","message":"Request processed successfully"}
{"level":"info","message":"MongoDB connected"}
{"level":"info","message":"MongoDB connected"}
{"level":"debug","message":"Request: [GET] /api/users"}
{"level":"debug","message":"This is a debug message"}
{"level":"http","message":"This is an HTTP message"}
{"level":"info","message":"This is an info message"}
{"level":"info","message":"Request processed successfully"}
{"level":"info","message":"MongoDB connected"}
{"level":"info","message":"MongoDB connected"}
{"level":"info","message":"MongoDB connected"}
{"level":"info","message":"MongoDB connected"}
{"level":"info","message":"MongoDB connected"}
{"level":"debug","message":"This is a debug message"}
{"level":"http","message":"This is an HTTP message"}
{"level":"info","message":"This is an info message"}
{"level":"debug","message":"This is a debug message"}
{"level":"http","message":"This is an HTTP message"}
{"level":"info","message":"This is an info message"}
{"level":"info","message":"MongoDB connected"}
{"level":"info","message":"MongoDB connected"}
{"level":"info","message":"MongoDB connected"}
{"level":"info","message":"MongoDB connected"}
{"level":"info","message":"Request: [GET] /api/users"}
{"level":"debug","message":"This is a debug message"}
{"level":"http","message":"This is an HTTP message"}
{"level":"info","message":"This is an info message"}
{"level":"info","message":"MongoDB connected"}
{"level":"info","message":"MongoDB connected"}
{"level":"info","message":"MongoDB connected"}
{"level":"info","message":"MongoDB connected"}
{"level":"info","message":"MongoDB connected"}
{"level":"info","message":"MongoDB connected"}
{"level":"info","message":"MongoDB connected"}
{"level":"info","message":"MongoDB connected"}
{"level":"info","message":"MongoDB connected"}
{"level":"info","message":"MongoDB connected"}
{"level":"info","message":"MongoDB connected"}
{"level":"info","message":"MongoDB connected"}
{"level":"info","message":"MongoDB connected"}
{"level":"info","message":"MongoDB connected"}
{"level":"info","message":"Request: [GET] /api/test/loggerTest - at 6/7/2024"}
{"level":"debug","message":"This is a debug message"}
{"level":"http","message":"This is an HTTP message"}
{"level":"info","message":"This is an info message"}
{"level":"info","message":"MongoDB connected"}
{"level":"info","message":"MongoDB connected"}
{"level":"info","message":"MongoDB connected"}
{"level":"info","message":"Request: [GET] /api/test/loggerTest - at 6/7/2024 - 16:41:50"}
{"level":"debug","message":"This is a debug message"}
{"level":"http","message":"This is an HTTP message"}
{"level":"info","message":"This is an info message"}
{"level":"info","message":"Request: [GET] /api/test/loggerTest - at 6/7/2024 - 16:43:12"}
{"level":"debug","message":"This is a debug message"}
{"level":"http","message":"This is an HTTP message"}
{"level":"info","message":"This is an info message"}
{"level":"info","message":"MongoDB connected"}
{"level":"info","message":"MongoDB connected"}
{"level":"info","message":"Request: [GET] /api/test/loggerTest - at 6/7/2024 - 16:43:52"}
{"level":"debug","message":"This is a debug message"}
{"level":"http","message":"This is an HTTP message"}
{"level":"info","message":"This is an info message"}
{"level":"info","message":"MongoDB connected"}
{"level":"info","message":"Request: [GET] /api/test/loggerTest - at 6/7/2024 - 16:44:01"}
{"level":"debug","message":"This is a debug message"}
{"level":"http","message":"This is an HTTP message"}
{"level":"info","message":"This is an info message"}
{"level":"info","message":"MongoDB connected"}
{"level":"info","message":"MongoDB connected"}
{"level":"info","message":"Request: [GET] /api/test/loggerTest - at 6/7/2024 - 16:44:13"}
{"level":"debug","message":"This is a debug message"}
{"level":"http","message":"This is an HTTP message"}
{"level":"info","message":"This is an info message"}
{"level":"info","message":"MongoDB connected"}
{"level":"info","message":"Request: [GET] /api/test/loggerTest - at 6/7/2024 - 16:44:45"}
{"level":"debug","message":"This is a debug message"}
{"level":"http","message":"This is an HTTP message"}
{"level":"info","message":"This is an info message"}
{"level":"info","message":"MongoDB connected"}
{"level":"info","message":"MongoDB connected"}
{"level":"info","message":"MongoDB connected"}
{"level":"info","message":"MongoDB connected"}
{"level":"info","message":"MongoDB connected"}
{"level":"info","message":"MongoDB connected"}
{"level":"info","message":"MongoDB connected"}
{"level":"info","message":"MongoDB connected"}
{"level":"info","message":"MongoDB connected"}
{"level":"info","message":"MongoDB connected"}
{"level":"info","message":"MongoDB connected"}
{"level":"info","message":"MongoDB connected"}
{"level":"info","message":"MongoDB connected"}
{"level":"info","message":"MongoDB connected"}
{"level":"info","message":"MongoDB connected"}
{"level":"info","message":"MongoDB connected"}
{"level":"info","message":"MongoDB connected"}
{"level":"info","message":"MongoDB connected"}
{"level":"info","message":"MongoDB connected"}
{"level":"info","message":"MongoDB connected"}
{"level":"info","message":"MongoDB connected"}
{"level":"info","message":"MongoDB connected"}
{"level":"info","message":"MongoDB connected"}
{"level":"debug","message":"This is a debug message"}
{"level":"http","message":"This is an HTTP message"}
{"level":"info","message":"This is an info message"}
{"level":"info","message":"MongoDB connected"}
{"level":"info","message":"Request: [GET] /api/test/loggerTest - at 6/7/2024 - 16:50:26"}
{"level":"debug","message":"This is a debug message"}
{"level":"http","message":"This is an HTTP message"}
{"level":"info","message":"This is an info message"}
{"level":"info","message":"MongoDB connected"}
{"level":"info","message":"Request: [GET] /api/test/loggerTest - at 6/7/2024 - 16:50:58"}
{"level":"info","message":"MongoDB connected"}
{"level":"info","message":"MongoDB connected"}
{"level":"info","message":"Request: [GET] /api/test/loggerTest - at 6/7/2024 - 16:51:15"}
{"level":"debug","message":"This is a debug message"}
{"level":"http","message":"This is an HTTP message"}
{"level":"info","message":"This is an info message"}
{"level":"info","message":"Request processed successfully"}
{"level":"info","message":"MongoDB connected"}
{"level":"info","message":"Request: [GET] /api/test/loggerTest - at 6/7/2024 - 16:51:34"}
{"level":"debug","message":"This is a debug message"}
{"level":"http","message":"This is an HTTP message"}
{"level":"info","message":"This is an info message"}
{"level":"debug","message":"Request processed successfully"}
{"level":"info","message":"MongoDB connected"}
{"level":"info","message":"MongoDB connected"}
{"level":"info","message":"MongoDB connected"}
{"level":"info","message":"Request: [GET] /api/test/loggerTest - at 6/7/2024 - 16:51:56"}
{"level":"debug","message":"This is a debug message"}
{"level":"http","message":"This is an HTTP message"}
{"level":"info","message":"This is an info message"}
{"level":"info","message":{"_closed":false,"_contentLength":"30","_defaultKeepAlive":true,"_events":{},"_eventsCount":1,"_expect_continue":false,"_hasBody":true,"_header":"HTTP/1.1 200 OK\r\nX-Powered-By: Express\r\nContent-Type: text/html; charset=utf-8\r\nContent-Length: 30\r\nETag: W/\"1e-E5RT+9U4RYhJ1UpApaMArhim8ww\"\r\nVary: Accept-Encoding\r\nDate: Sat, 06 Jul 2024 19:51:56 GMT\r\nConnection: keep-alive\r\nKeep-Alive: timeout=5\r\n\r\n","_headerSent":true,"_keepAliveTimeout":5000,"_last":false,"_maxRequestsPerSocket":0,"_removedConnection":false,"_removedContLen":false,"_removedTE":false,"_sent100":false,"_trailer":"","chunkedEncoding":false,"destroyed":false,"finished":true,"locals":{},"maxRequestsOnConnectionReached":false,"outputData":[],"outputSize":0,"req":{"_consuming":false,"_dumped":false,"_events":{},"_eventsCount":0,"_parsedUrl":{"_raw":"/loggerTest","auth":null,"hash":null,"host":null,"hostname":null,"href":"/loggerTest","path":"/loggerTest","pathname":"/loggerTest","port":null,"protocol":null,"query":null,"search":null,"slashes":null},"_readableState":{"awaitDrainWriters":null,"buffer":{"head":null,"length":0,"tail":null},"decoder":null,"defaultEncoding":"utf8","encoding":null,"errored":null,"flowing":null,"highWaterMark":16384,"length":0,"pipes":[],"state":137264},"aborted":false,"baseUrl":"/api/test","body":{},"client":{"_closeAfterHandlingError":false,"_events":{"close":[null,null],"end":[null,null]},"_eventsCount":8,"_hadError":false,"_host":null,"_httpMessage":"[Circular]","_parent":null,"_paused":false,"_pendingData":null,"_pendingEncoding":"","_readableState":{"awaitDrainWriters":null,"buffer":{"head":null,"length":0,"tail":null},"decoder":null,"defaultEncoding":"utf8","encoding":null,"errored":null,"flowing":true,"highWaterMark":16384,"length":0,"pipes":[],"state":4184},"_server":{"_connectionKey":"6::::9090","_connections":2,"_events":{},"_eventsCount":3,"_handle":{"reading":false},"_unref":false,"_usingWorkers":false,"_workers":[],"allowHalfOpen":true,"connectionsCheckingInterval":30000,"headersTimeout":60000,"highWaterMark":16384,"httpAllowHalfOpen":false,"keepAlive":false,"keepAliveInitialDelay":0,"keepAliveTimeout":5000,"maxHeadersCount":null,"maxRequestsPerSocket":0,"noDelay":true,"pauseOnConnect":false,"rejectNonStandardBodyWrites":false,"requestTimeout":300000,"requireHostHeader":true,"timeout":0},"_sockname":null,"_writableState":{"afterWriteTickInfo":{"count":1,"state":"[Circular]","stream":"[Circular]"},"buffered":[],"bufferedIndex":0,"corked":0,"defaultEncoding":"utf8","errored":null,"highWaterMark":16384,"length":0,"pendingcb":1,"state":786500,"writecb":null,"writelen":0},"allowHalfOpen":true,"connecting":false,"parser":{"0":null,"_consumed":true,"_headers":[],"_url":"","incoming":"[Circular]","joinDuplicateHeaders":null,"maxHeaderPairs":2000,"outgoing":null,"socket":"[Circular]"},"server":{"_connectionKey":"6::::9090","_connections":2,"_events":{},"_eventsCount":3,"_handle":{"reading":false},"_unref":false,"_usingWorkers":false,"_workers":[],"allowHalfOpen":true,"connectionsCheckingInterval":30000,"headersTimeout":60000,"highWaterMark":16384,"httpAllowHalfOpen":false,"keepAlive":false,"keepAliveInitialDelay":0,"keepAliveTimeout":5000,"maxHeadersCount":null,"maxRequestsPerSocket":0,"noDelay":true,"pauseOnConnect":false,"rejectNonStandardBodyWrites":false,"requestTimeout":300000,"requireHostHeader":true,"timeout":0}},"complete":false,"cookies":{},"httpVersion":"1.1","httpVersionMajor":1,"httpVersionMinor":1,"joinDuplicateHeaders":null,"method":"GET","originalUrl":"/api/test/loggerTest","params":{},"query":{},"rawHeaders":["User-Agent","PostmanRuntime/7.39.0","Accept","*/*","Postman-Token","bdf503d8-391f-469f-9933-b631d5249b43","Host","localhost:9090","Accept-Encoding","gzip, deflate, br","Connection","keep-alive"],"rawTrailers":[],"res":"[Circular]","route":{"methods":{"get":true},"path":"/loggerTest","stack":[{"keys":[],"method":"get","name":"logRequest","regexp":{"fast_slash":false,"fast_star":false}},{"keys":[],"method":"get","name":"handleRequest","regexp":{"fast_slash":false,"fast_star":false}}]},"signedCookies":{},"socket":{"_closeAfterHandlingError":false,"_events":{"close":[null,null],"end":[null,null]},"_eventsCount":8,"_hadError":false,"_host":null,"_httpMessage":"[Circular]","_parent":null,"_paused":false,"_pendingData":null,"_pendingEncoding":"","_readableState":{"awaitDrainWriters":null,"buffer":{"head":null,"length":0,"tail":null},"decoder":null,"defaultEncoding":"utf8","encoding":null,"errored":null,"flowing":true,"highWaterMark":16384,"length":0,"pipes":[],"state":4184},"_server":{"_connectionKey":"6::::9090","_connections":2,"_events":{},"_eventsCount":3,"_handle":{"reading":false},"_unref":false,"_usingWorkers":false,"_workers":[],"allowHalfOpen":true,"connectionsCheckingInterval":30000,"headersTimeout":60000,"highWaterMark":16384,"httpAllowHalfOpen":false,"keepAlive":false,"keepAliveInitialDelay":0,"keepAliveTimeout":5000,"maxHeadersCount":null,"maxRequestsPerSocket":0,"noDelay":true,"pauseOnConnect":false,"rejectNonStandardBodyWrites":false,"requestTimeout":300000,"requireHostHeader":true,"timeout":0},"_sockname":null,"_writableState":{"afterWriteTickInfo":{"count":1,"state":"[Circular]","stream":"[Circular]"},"buffered":[],"bufferedIndex":0,"corked":0,"defaultEncoding":"utf8","errored":null,"highWaterMark":16384,"length":0,"pendingcb":1,"state":786500,"writecb":null,"writelen":0},"allowHalfOpen":true,"connecting":false,"parser":{"0":null,"_consumed":true,"_headers":[],"_url":"","incoming":"[Circular]","joinDuplicateHeaders":null,"maxHeaderPairs":2000,"outgoing":null,"socket":"[Circular]"},"server":{"_connectionKey":"6::::9090","_connections":2,"_events":{},"_eventsCount":3,"_handle":{"reading":false},"_unref":false,"_usingWorkers":false,"_workers":[],"allowHalfOpen":true,"connectionsCheckingInterval":30000,"headersTimeout":60000,"highWaterMark":16384,"httpAllowHalfOpen":false,"keepAlive":false,"keepAliveInitialDelay":0,"keepAliveTimeout":5000,"maxHeadersCount":null,"maxRequestsPerSocket":0,"noDelay":true,"pauseOnConnect":false,"rejectNonStandardBodyWrites":false,"requestTimeout":300000,"requireHostHeader":true,"timeout":0}},"statusCode":null,"statusMessage":null,"upgrade":false,"url":"/loggerTest"},"sendDate":true,"shouldKeepAlive":true,"socket":{"_closeAfterHandlingError":false,"_events":{"close":[null,null],"end":[null,null]},"_eventsCount":8,"_hadError":false,"_host":null,"_httpMessage":"[Circular]","_parent":null,"_paused":false,"_pendingData":null,"_pendingEncoding":"","_readableState":{"awaitDrainWriters":null,"buffer":{"head":null,"length":0,"tail":null},"decoder":null,"defaultEncoding":"utf8","encoding":null,"errored":null,"flowing":true,"highWaterMark":16384,"length":0,"pipes":[],"state":4184},"_server":{"_connectionKey":"6::::9090","_connections":2,"_events":{},"_eventsCount":3,"_handle":{"reading":false},"_unref":false,"_usingWorkers":false,"_workers":[],"allowHalfOpen":true,"connectionsCheckingInterval":30000,"headersTimeout":60000,"highWaterMark":16384,"httpAllowHalfOpen":false,"keepAlive":false,"keepAliveInitialDelay":0,"keepAliveTimeout":5000,"maxHeadersCount":null,"maxRequestsPerSocket":0,"noDelay":true,"pauseOnConnect":false,"rejectNonStandardBodyWrites":false,"requestTimeout":300000,"requireHostHeader":true,"timeout":0},"_sockname":null,"_writableState":{"afterWriteTickInfo":{"count":1,"state":"[Circular]","stream":"[Circular]"},"buffered":[],"bufferedIndex":0,"corked":0,"defaultEncoding":"utf8","errored":null,"highWaterMark":16384,"length":0,"pendingcb":1,"state":786500,"writecb":null,"writelen":0},"allowHalfOpen":true,"connecting":false,"parser":{"0":null,"_consumed":true,"_headers":[],"_url":"","incoming":{"_consuming":false,"_dumped":false,"_events":{},"_eventsCount":0,"_parsedUrl":{"_raw":"/loggerTest","auth":null,"hash":null,"host":null,"hostname":null,"href":"/loggerTest","path":"/loggerTest","pathname":"/loggerTest","port":null,"protocol":null,"query":null,"search":null,"slashes":null},"_readableState":{"awaitDrainWriters":null,"buffer":{"head":null,"length":0,"tail":null},"decoder":null,"defaultEncoding":"utf8","encoding":null,"errored":null,"flowing":null,"highWaterMark":16384,"length":0,"pipes":[],"state":137264},"aborted":false,"baseUrl":"/api/test","body":{},"client":"[Circular]","complete":false,"cookies":{},"httpVersion":"1.1","httpVersionMajor":1,"httpVersionMinor":1,"joinDuplicateHeaders":null,"method":"GET","originalUrl":"/api/test/loggerTest","params":{},"query":{},"rawHeaders":["User-Agent","PostmanRuntime/7.39.0","Accept","*/*","Postman-Token","bdf503d8-391f-469f-9933-b631d5249b43","Host","localhost:9090","Accept-Encoding","gzip, deflate, br","Connection","keep-alive"],"rawTrailers":[],"res":"[Circular]","route":{"methods":{"get":true},"path":"/loggerTest","stack":[{"keys":[],"method":"get","name":"logRequest","regexp":{"fast_slash":false,"fast_star":false}},{"keys":[],"method":"get","name":"handleRequest","regexp":{"fast_slash":false,"fast_star":false}}]},"signedCookies":{},"socket":"[Circular]","statusCode":null,"statusMessage":null,"upgrade":false,"url":"/loggerTest"},"joinDuplicateHeaders":null,"maxHeaderPairs":2000,"outgoing":null,"socket":"[Circular]"},"server":{"_connectionKey":"6::::9090","_connections":2,"_events":{},"_eventsCount":3,"_handle":{"reading":false},"_unref":false,"_usingWorkers":false,"_workers":[],"allowHalfOpen":true,"connectionsCheckingInterval":30000,"headersTimeout":60000,"highWaterMark":16384,"httpAllowHalfOpen":false,"keepAlive":false,"keepAliveInitialDelay":0,"keepAliveTimeout":5000,"maxHeadersCount":null,"maxRequestsPerSocket":0,"noDelay":true,"pauseOnConnect":false,"rejectNonStandardBodyWrites":false,"requestTimeout":300000,"requireHostHeader":true,"timeout":0}},"statusCode":200,"statusMessage":"OK","strictContentLength":false,"useChunkedEncodingByDefault":true,"writable":true}}
{"level":"info","message":"MongoDB connected"}
{"level":"info","message":"MongoDB connected"}
{"level":"info","message":"MongoDB connected"}
{"level":"info","message":"Request: [GET] /api/test/loggerTest - at 6/7/2024 - 16:52:46"}
{"level":"debug","message":"This is a debug message"}
{"level":"http","message":"This is an HTTP message"}
{"level":"info","message":"This is an info message"}
{"level":"info","message":"Request processed successfully"}
{"level":"info","message":"MongoDB connected"}
{"level":"info","message":"MongoDB connected"}
{"level":"info","message":"MongoDB connected"}
{"level":"info","message":"Request: [GET] /api/test/loggerTest - at 6/7/2024 - 16:53:23"}
{"level":"debug","message":"This is a debug message"}
{"level":"info","message":"This is an info message"}
{"level":"warning","message":"This is a warning message"}
{"level":"info","message":"Request processed successfully"}
{"level":"info","message":"MongoDB connected"}
{"level":"info","message":"MongoDB connected"}
{"level":"info","message":"Request: [GET] /api/test/loggerTest - at 6/7/2024 - 16:53:48"}
{"level":"debug","message":"This is a debug message"}
{"level":"http","message":"This is an HTTP message"}
{"level":"info","message":"This is an info message"}
{"level":"info","message":"Request processed successfully"}
{"level":"info","message":"MongoDB connected"}
{"level":"info","message":"MongoDB connected"}
{"level":"info","message":"MongoDB connected"}
{"level":"info","message":"MongoDB connected"}
{"level":"info","message":"Request: [GET] /api/test/loggerTest - at 6/7/2024 - 16:54:22"}
{"level":"debug","message":"This is a debug message"}
{"level":"http","message":"This is an HTTP message"}
{"level":"info","message":"This is an info message"}
{"level":"info","message":"Request processed successfully"}
{"level":"info","message":"MongoDB connected"}
{"level":"info","message":"MongoDB connected"}
{"level":"info","message":"MongoDB connected"}
{"level":"info","message":"Request: [GET] /api/test/loggerTest - at 6/7/2024 - 18:42:17"}
{"level":"debug","message":"This is a debug message"}
{"level":"http","message":"This is an HTTP message"}
{"level":"info","message":"This is an info message"}
{"level":"info","message":"Request processed successfully"}
{"level":"info","message":"MongoDB connected"}
{"level":"info","message":"MongoDB connected"}
{"level":"info","message":"MongoDB connected"}
{"level":"info","message":"MongoDB connected"}
{"level":"info","message":"MongoDB connected"}
{"level":"info","message":"MongoDB connected"}
{"level":"info","message":"MongoDB connected"}
{"level":"info","message":"MongoDB connected"}
{"level":"info","message":"MongoDB connected"}
{"level":"info","message":"MongoDB connected"}
{"level":"info","message":"Request: [GET] /api/test/loggerTest - at 6/7/2024 - 19:00:49"}
{"level":"info","message":"MongoDB connected"}
{"level":"info","message":"MongoDB connected"}
{"level":"info","message":"MongoDB connected"}
{"level":"info","message":"MongoDB connected"}
{"level":"info","message":"MongoDB connected"}
{"level":"info","message":"Request: [GET] /api/test/loggerTest - at 6/7/2024 - 19:02:15"}
{"level":"info","message":"MongoDB connected"}
{"level":"info","message":"MongoDB connected"}
{"level":"info","message":"Request: [GET] /api/test/loggerTest - at 6/7/2024 - 19:02:43"}
{"level":"info","message":"Request handled successfully"}
{"level":"debug","message":"This is a debug message"}
{"level":"http","message":"This is an HTTP message"}
{"level":"info","message":"This is an info message"}
{"level":"info","message":"Request: [GET] /api/test/loggerTest - at 6/7/2024 - 19:02:50"}
{"level":"info","message":"Request handled successfully"}
{"level":"debug","message":"This is a debug message"}
{"level":"http","message":"This is an HTTP message"}
{"level":"info","message":"This is an info message"}
{"level":"info","message":"Request: [GET] /api/test/loggerTest - at 6/7/2024 - 19:02:54"}
{"level":"info","message":"Request handled successfully"}
{"level":"debug","message":"This is a debug message"}
{"level":"http","message":"This is an HTTP message"}
{"level":"info","message":"This is an info message"}
{"level":"info","message":"MongoDB connected"}
{"level":"info","message":"Request: [GET] /api/test/loggerTest - at 6/7/2024 - 19:03:09"}
{"level":"debug","message":"This is a debug message"}
{"level":"http","message":"This is an HTTP message"}
{"level":"info","message":"This is an info message"}
{"level":"info","message":"Request processed successfully"}
{"level":"info","message":"MongoDB connected"}
{"level":"info","message":"Request: [GET] /api/test/loggerTest - at 6/7/2024 - 19:03:27"}
{"level":"info","message":"Request processed successfully"}
{"level":"debug","message":"This is a debug message"}
{"level":"http","message":"This is an HTTP message"}
{"level":"info","message":"This is an info message"}
{"level":"info","message":"MongoDB connected"}
{"level":"info","message":"MongoDB connected"}
{"level":"info","message":"MongoDB connected"}
{"level":"info","message":"MongoDB connected"}
{"level":"info","message":"MongoDB connected"}
{"level":"info","message":"Request: [GET] /api/test/loggerTest - at 6/7/2024 - 19:11:44"}
{"level":"info","message":"This is an info message"}
{"level":"info","message":"MongoDB connected"}
{"level":"info","message":"Request: [GET] /api/test/loggerTest - at 6/7/2024 - 19:12:31"}
{"level":"info","message":"This is an info message"}
{"level":"warn","message":"This is a warning message"}
{"level":"info","message":"MongoDB connected"}
{"level":"info","message":"MongoDB connected"}
{"level":"info","message":"MongoDB connected"}
{"level":"info","message":"MongoDB connected"}
{"level":"info","message":"MongoDB connected"}
{"level":"info","message":"MongoDB connected"}
{"level":"info","message":"MongoDB connected"}
{"level":"info","message":"MongoDB connected"}
{"level":"info","message":"MongoDB connected"}
{"level":"info","message":"MongoDB connected"}
{"level":"info","message":"MongoDB connected"}
{"level":"info","message":"MongoDB connected"}
{"level":"info","message":"MongoDB connected"}
{"level":"info","message":"MongoDB connected"}
{"level":"info","message":"MongoDB connected"}
{"level":"info","message":"MongoDB connected"}
{"level":"info","message":"Request: [GET] /api/test/loggerTest - at 6/7/2024 - 19:14:08"}
{"level":"fatal","message":"This is a fatal messagge"}
{"level":"info","message":"MongoDB connected"}
{"level":"info","message":"MongoDB connected"}
{"level":"info","message":"MongoDB connected"}
{"level":"info","message":"Request: [GET] /api/test/loggerTest - at 6/7/2024 - 19:19:57"}
{"level":"fatal","message":"This is a fatal messagge"}
{"level":"info","message":"MongoDB connected"}
{"level":"info","message":"Request: [GET] /api/test/loggerTest - at 6/7/2024 - 19:20:19"}
{"level":"info","message":"This is an info message"}
{"level":"warning","message":"This is a warning message"}
{"level":"info","message":"MongoDB connected"}
{"level":"info","message":"Request: [GET] /api/test/loggerTest - at 7/7/2024 - 16:26:30"}
{"level":"info","message":"Request processed successfully"}
{"level":"info","message":"MongoDB connected"}
{"level":"info","message":"MongoDB connected"}
{"level":"info","message":"Request: [GET] /api/test/loggerTest - at 7/7/2024 - 16:27:10"}
{"level":"info","message":"This is an info message"}
{"level":"warning","message":"This is a warning message"}
{"level":"error","message":"This is an error message"}
{"level":"fatal","message":"This is a fatal message"}
{"level":"info","message":"Request processed successfully"}
{"level":"info","message":"MongoDB connected"}
{"level":"info","message":"MongoDB connected"}
{"level":"info","message":"MongoDB connected"}
{"level":"info","message":"MongoDB connected"}
{"level":"info","message":"MongoDB connected"}
{"level":"info","message":"MongoDB connected"}
{"level":"info","message":"MongoDB connected"}
{"level":"info","message":"MongoDB connected"}
{"level":"info","message":"MongoDB connected"}
{"level":"info","message":"Request: [GET] /api/test/loggerTest - at 7/7/2024 - 16:31:20"}
{"level":"info","message":"This is an info message"}
{"level":"warning","message":"This is a warning message"}
{"level":"error","message":"This is an error message"}
{"level":"fatal","message":"This is a fatal message"}
{"level":"info","message":"Request processed successfully"}
{"level":"info","message":"MongoDB connected"}
{"level":"info","message":"Request: [GET] /api/test/loggerTest - at 7/7/2024 - 16:31:39"}
{"level":"info","message":"This is an info message"}
{"level":"warning","message":"This is a warning message"}
{"level":"error","message":"This is an error message"}
{"level":"fatal","message":"This is a fatal message"}
{"level":"info","message":"Request processed successfully"}
{"level":"info","message":"MongoDB connected"}
{"level":"info","message":"Request: [GET] /api/test/loggerTest - at 7/7/2024 - 16:31:47"}
{"level":"info","message":"This is an info message"}
{"level":"warning","message":"This is a warning message"}
{"level":"error","message":"This is an error message"}
{"level":"fatal","message":"This is a fatal message"}
{"level":"info","message":"Request processed successfully"}
{"level":"info","message":"MongoDB connected"}
{"level":"info","message":"MongoDB connected"}
{"level":"info","message":"Request: [GET] /api/test/loggerTest - at 7/7/2024 - 16:32:26"}
{"level":"fatal","message":"This is a fatal message"}
{"level":"error","message":"This is an error message"}
{"level":"warning","message":"This is a warning message"}
{"level":"info","message":"This is an info message"}
{"level":"info","message":"Request processed successfully"}
{"level":"info","message":"MongoDB connected"}
{"level":"info","message":"Request: [GET] /api/test/loggerTest - at 7/7/2024 - 16:32:45"}
{"level":"fatal","message":"This is a fatal message"}
{"level":"error","message":"This is an error message"}
{"level":"warning","message":"This is a warning message"}
{"level":"info","message":"This is an info message"}
{"level":"info","message":"Request processed successfully"}
info: Server is running on port 9090
{"level":"info","message":"MongoDB connected"}
info: Server is running on port 9090
{"level":"info","message":"MongoDB connected"}
{"level":"info","message":"Request: [GET] /api/test/loggerTest - at 7/7/2024 - 16:34:37"}
{"level":"fatal","message":"This is a fatal message"}
{"level":"error","message":"This is an error message"}
{"level":"warning","message":"This is a warning message"}
{"level":"info","message":"This is an info message"}
{"level":"info","message":"Request processed successfully"}
info: Server is running on port 9090
{"level":"info","message":"MongoDB connected"}
{"level":"info","message":"Request: [GET] /api/test/loggerTest - at 7/7/2024 - 16:34:53"}
{"level":"fatal","message":"This is a fatal message"}
{"level":"error","message":"This is an error message"}
{"level":"warning","message":"This is a warning message"}
{"level":"info","message":"This is an info message"}
{"level":"info","message":"Request processed successfully"}
info: Server is running on port 9090
{"level":"info","message":"MongoDB connected"}
info: Server is running on port 9090
{"level":"info","message":"MongoDB connected"}
info: Server is running on port 9090
{"level":"info","message":"MongoDB connected"}
info: Server is running on port 9090
{"level":"info","message":"MongoDB connected"}
info: Server is running on port 9090
{"level":"info","message":"MongoDB connected"}
info: Server is running on port 9090
info: Server is running on port 9090
{"level":"info","message":"MongoDB connected"}
info: Server is running on port 9090
{"level":"info","message":"MongoDB connected"}
{"level":"info","message":"Server is running on port 9090"}
{"level":"info","message":"MongoDB connected"}
info: Server is running on port 9090
info: MongoDB connected
info: Request: [GET] /api/test/loggerTest - at 7/7/2024 - 16:38:22
fatal: This is a fatal message
error: This is an error message
warning: This is a warning message
info: This is an info message
http: This is an HTTP message
info: Request processed successfully
info: Server is running on port 9090
info: MongoDB connected
info: Request: [GET] /api/test/loggerTest - at 7/7/2024 - 16:38:56
fatal: This is a fatal message
error: This is an error message
warning: This is a warning message
http: This is an HTTP message
info: This is an info message
info: Request processed successfully
info: Server is running on port 9090
{"level":"info","message":"MongoDB connected"}
info: Server is running on port 9090
{"level":"info","message":"MongoDB connected"}
info: Server is running on port 9090
{"level":"info","message":"MongoDB connected"}
info: Server is running on port 9090
{"level":"info","message":"MongoDB connected"}
info: Server is running on port 9090
{"level":"info","message":"MongoDB connected"}
info: Server is running on port 9090
{"level":"info","message":"MongoDB connected"}
info: Server is running on port 9090
info: MongoDB connected
{"level":"info","message":"Server is running on port 9090"}
{"level":"info","message":"MongoDB connected"}
info: Server is running on port 9090
{"level":"info","message":"MongoDB connected"}
{"level":"info","message":"Server is running on port 9090"}
{"level":"info","message":"MongoDB connected"}
{"level":"info","message":"Server is running on port 9090"}
{"level":"info","message":"MongoDB connected"}
{"level":"info","message":"Server is running on port 9090"}
{"level":"info","message":"MongoDB connected"}
{"level":"info","message":"Server is running on port 9090"}
{"level":"info","message":"MongoDB connected"}
{"level":"info","message":"Server is running on port 9090"}
{"level":"info","message":"MongoDB connected"}
{"level":"info","message":"Request: [GET] /api/test/loggerTest - at 7/7/2024 - 16:46:03"}
{"level":"fatal","message":"This is a fatal message"}
{"level":"error","message":"This is an error message"}
{"level":"warning","message":"This is a warning message"}
{"level":"http","message":"This is an HTTP message"}
{"level":"info","message":"This is an info message"}
{"level":"info","message":"Request processed successfully"}
{"level":"info","message":"Server is running on port 9090"}
{"level":"info","message":"MongoDB connected"}
{"level":"info","message":"Server is running on port 9090"}
{"level":"info","message":"Server is running on port 3001"}
{"level":"info","message":"MongoDB connected"}
{"level":"info","message":"Server is running on port 9090"}
{"level":"info","message":"MongoDB connected"}
{"level":"info","message":"Request: [GET] /api/test/loggerTest - at 7/7/2024 - 16:49:17"}
{"level":"fatal","message":"This is a fatal message"}
{"level":"error","message":"This is an error message"}
{"level":"warning","message":"This is a warning message"}
{"level":"http","message":"This is an HTTP message"}
{"level":"info","message":"This is an info message"}
{"level":"info","message":"Request processed successfully"}
{"level":"info","message":"Server is running on port 9090"}
{"level":"info","message":"MongoDB connected"}
{"level":"info","message":"Server is running on port 3001"}
{"level":"info","message":"MongoDB connected"}
{"level":"info","message":"Server is running on port 9090"}
{"level":"info","message":"MongoDB connected"}
{"level":"info","message":"Server is running on port 9090"}
{"level":"info","message":"MongoDB connected"}
{"level":"info","message":"Server is running on port 9090"}
{"level":"info","message":"MongoDB connected"}
{"level":"info","message":"Server is running on port 9090"}
{"level":"info","message":"MongoDB connected"}
{"level":"info","message":"Server is running on port 9090"}
{"level":"info","message":"MongoDB connected"}
{"level":"info","message":"Server is running on port 9090"}
{"level":"info","message":"MongoDB connected"}
{"level":"info","message":"Server is running on port 9090"}
{"level":"info","message":"MongoDB connected"}
{"level":"info","message":"Server is running on port 9090"}
{"level":"info","message":"MongoDB connected"}
{"level":"info","message":"Server is running on port 9090"}
{"level":"info","message":"MongoDB connected"}
{"level":"info","message":"Server is running on port 9090"}
{"level":"info","message":"MongoDB connected"}
{"level":"info","message":"Server is running on port 9090"}
{"level":"info","message":"Server is running on port 9090"}
{"level":"info","message":"MongoDB connected"}
{"level":"info","message":"Server is running on port 9090"}
{"level":"info","message":"MongoDB connected"}
info: Server is running on port 9090
{"level":"info","message":"MongoDB connected"}
info: Server is running on port 9090
{"level":"info","message":"MongoDB connected"}
info: Server is running on port 9090
{"level":"info","message":"MongoDB connected"}
{"level":"info","message":"MongoDB connected"}
{"level":"info","message":"MongoDB connected"}
{"level":"info","message":"MongoDB connected"}
{"level":"info","message":"MongoDB connected"}
{"level":"info","message":"MongoDB connected"}
info: Server is running on port 9090
{"level":"info","message":"MongoDB connected"}
info: Server is running on port 9090
{"level":"info","message":"MongoDB connected"}
info: Server is running on port 9090
{"level":"info","message":"MongoDB connected"}
{"level":"info","message":"Server is running on port 9090"}
{"level":"info","message":"MongoDB connected"}
{"level":"info","message":"Server is running on port 9090"}
{"level":"info","message":"MongoDB connected"}
{"level":"info","message":"Server is running on port 9090"}
{"level":"info","message":"MongoDB connected"}
{"level":"info","message":"Server is running on port 9090"}
{"level":"info","message":"MongoDB connected"}
info: Server is running on port 9090
{"level":"info","message":"MongoDB connected"}
info: Server is running on port 9090
{"level":"info","message":"MongoDB connected"}
info: Server is running on port 9090
{"level":"info","message":"MongoDB connected"}
info: Server is running on port 9090
{"level":"info","message":"MongoDB connected"}
info: Server is running on port 9090
{"level":"info","message":"MongoDB connected"}
info: Server is running on port 9090
{"level":"info","message":"MongoDB connected"}
info: Server is running on port 9090
{"level":"http","message":"MongoDB connected"}
info: Server is running on port 9090
{"level":"info","message":"MongoDB connected"}
info: Server is running on port 9090
{"level":"info","message":"MongoDB connected"}
info: Server is running on port 9090
{"level":"info","message":"MongoDB connected"}
info: Server is running on port 9090
{"level":"info","message":"MongoDB connected"}
info: Server is running on port 9090
{"level":"info","message":"MongoDB connected"}
{"level":"info","message":"Server is running on port 9090"}
{"level":"info","message":"MongoDB connected"}
info: Server is running on port 9090
{"level":"info","message":"MongoDB connected"}
info: Server is running on port 9090
{"level":"info","message":"MongoDB connected"}
info: Server is running on port 9090
{"level":"info","message":"MongoDB connected"}
info: Server is running on port 9090
{"level":"info","message":"MongoDB connected"}
{"level":"info","message":"Server is running on port 9090"}
{"level":"info","message":"MongoDB connected"}
{"level":"info","message":"Server is running on port 9090"}
{"level":"info","message":"MongoDB connected"}
{"level":"info","message":"Server is running on port 9090"}
{"level":"info","message":"MongoDB connected"}
info: Server is running on port 9090
{"level":"info","message":"MongoDB connected"}
info: Server is running on port 9090
{"level":"info","message":"MongoDB connected"}
info: Server is running on port 9090
{"level":"info","message":"MongoDB connected"}
info: Server is running on port 9090
{"level":"info","message":"MongoDB connected"}
info: Server is running on port 9090
{"level":"info","message":"MongoDB connected"}
info: Server is running on port 9090
{"level":"info","message":"MongoDB connected"}
info: Server is running on port 9090
{"level":"info","message":"MongoDB connected"}
info: Server is running on port 9090
{"level":"info","message":"MongoDB connected"}
{"level":"info","message":"Server is running on port 9090"}
{"level":"info","message":"MongoDB connected"}
info: Server is running on port 9090
info: MongoDB connected
{"level":"info","message":"Server is running on port 9090"}
{"level":"info","message":"MongoDB connected"}
{"level":"info","message":"Server is running on port 9090"}
{"level":"info","message":"MongoDB connected"}
{"level":"info","message":"Server is running on port 9090"}
{"level":"info","message":"MongoDB connected"}
info: Server is running on port 9090
info: MongoDB connected
http: Server is running on port 9090
info: MongoDB connected
info: Server is running on port 9090
info: MongoDB connected
info: Server is running on port 9090
info: MongoDB connected
info: Server is running on port 9090
info: MongoDB connected
info: Server is running on port 9090
info: MongoDB connected
{"level":"info","message":"Server is running on port 9090"}
{"level":"info","message":"MongoDB connected"}
info: Server is running on port 9090
info: MongoDB connected
info: Server corriendo en peurto 9090
info: MongoDB connected
info: Server corriendo en peurto 9090
info: Server corriendo en peurto 9090
info: MongoDB connected
info: Server corriendo en peurto 9090
info: Estás es un ambiente de de 9090
info: MongoDB connected
info: Server corriendo en peurto 9090
info: Estás es un ambiente 9090
info: MongoDB connected
info: Server corriendo en peurto 9090
info: Estás es un ambiente 9090
info: MongoDB connected
info: Server corriendo en peurto 9090
info: Estás es un ambiente 9090
info: MongoDB connected
info: Server corriendo en peurto 9090
info: Estás es un ambiente dev
info: MongoDB connected
info: Server corriendo en peurto 9090
info: Enviroment:  dev
info: MongoDB connected
info: Server corriendo en peurto 9090
info: Enviroment: dev
info: MongoDB connected
info: Server corriendo en puerto 9090
info: Enviroment: dev
info: MongoDB connected
info: Server corriendo en puerto 9090
info: Enviroment: dev
info: MongoDB connected
info: Server corriendo en puerto 9090
info: Enviroment: dev
info: MongoDB connected
info: Server corriendo en puerto 9090
info: Enviroment: dev
info: MongoDB connected
{"level":"info","message":"Server corriendo en puerto 9090"}
{"level":"info","message":"Enviroment: dev"}
{"level":"info","message":"MongoDB connected"}
{"level":"info","message":"Server corriendo en puerto 9090"}
{"level":"info","message":"Enviroment: dev"}
{"level":"info","message":"MongoDB connected"}
{"level":"info","message":"Server corriendo en puerto 9090"}
{"level":"info","message":"Enviroment: dev"}
{"level":"info","message":"MongoDB connected"}
info: Server corriendo en puerto 9090
info: Enviroment: dev
info: MongoDB connected
info: Server corriendo en puerto 9090
info: Enviroment: dev
info: MongoDB connected
info: Server corriendo en puerto 9090
info: Enviroment: dev
info: MongoDB connected
info: Server corriendo en puerto 9090
info: Enviroment: dev
info: MongoDB connected
info: Request: [GET] /api/test/loggerTest - at 7/7/2024 - 19:55:36
fatal: This is a fatal message
error: This is an error message
warning: This is a warning message
info: This is an info message
info: Request processed successfully
{"level":"info","message":"Server corriendo en puerto 9090"}
{"level":"info","message":"Enviroment: dev"}
{"level":"info","message":"MongoDB connected"}
{"level":"info","message":"Request: [GET] /api/test/loggerTest - at 7/7/2024 - 19:55:55"}
{"level":"fatal","message":"This is a fatal message"}
{"level":"error","message":"This is an error message"}
{"level":"warning","message":"This is a warning message"}
{"level":"info","message":"This is an info message"}
{"level":"info","message":"Request processed successfully"}
{"level":"info","message":"Server corriendo en puerto 9090"}
{"level":"info","message":"Enviroment: dev"}
{"level":"info","message":"MongoDB connected"}
{"level":"info","message":"Request: [GET] /api/test/loggerTest - at 7/7/2024 - 19:56:33"}
{"level":"fatal","message":"This is a fatal message"}
{"level":"error","message":"This is an error message"}
{"level":"warning","message":"This is a warning message"}
{"level":"info","message":"This is an info message"}
{"level":"error","message":"Request processed successfully"}
{"level":"info","message":"Server corriendo en puerto 9090"}
{"level":"info","message":"Enviroment: dev"}
{"level":"info","message":"MongoDB connected"}
{"level":"info","message":"Server corriendo en puerto 9090"}
{"level":"info","message":"Enviroment: dev"}
{"level":"info","message":"MongoDB connected"}
{"level":"error","message":"Request: [GET] /api/test/loggerTest - at 7/7/2024 - 19:56:49"}
{"level":"fatal","message":"This is a fatal message"}
{"level":"error","message":"This is an error message"}
{"level":"warning","message":"This is a warning message"}
{"level":"info","message":"This is an info message"}
{"level":"info","message":"Request processed successfully"}
{"level":"info","message":"Server corriendo en puerto 9090"}
{"level":"info","message":"Enviroment: dev"}
{"level":"info","message":"MongoDB connected"}
info: Server corriendo en puerto 9090
info: Enviroment: dev
info: MongoDB connected
info: Server corriendo en puerto 9090
info: Enviroment: dev
info: MongoDB connected
info: Server corriendo en puerto 9090
info: Enviroment: dev
info: MongoDB connected
{"level":"info","message":"Server corriendo en puerto 3001"}
{"level":"info","message":"Enviroment: prod"}
{"level":"info","message":"MongoDB connected"}
info: Server corriendo en puerto 9090
info: Enviroment: dev
info: MongoDB connected
info: Request: [GET] /api/test/loggerTest - at 7/7/2024 - 20:05:27
fatal: This is a fatal message
error: This is an error message
warning: This is a warning message
info: This is an info message
info: Request processed successfully
info: Server corriendo en puerto 9090
info: Enviroment: dev
info: MongoDB connected
info: Server corriendo en puerto 9090
info: Enviroment: dev
info: MongoDB connected
info: Server corriendo en puerto 9090
info: Enviroment: dev
info: MongoDB connected
info: Server corriendo en puerto 9090
info: Enviroment: dev
info: MongoDB connected
info: Request: [GET] /api/users - at 7/7/2024 - 20:10:01
info: Request processed successfully
info: Server corriendo en puerto 9090
info: Enviroment: dev
info: MongoDB connected
info: Server corriendo en puerto 9090
info: Enviroment: dev
info: MongoDB connected
info: Server corriendo en puerto 9090
info: Enviroment: dev
info: MongoDB connected
info: Request processed successfully
info: Server corriendo en puerto 9090
info: Enviroment: dev
info: MongoDB connected
warning: Request processed successfully
info: Server corriendo en puerto 9090
info: Enviroment: dev
info: MongoDB connected
info: Server corriendo en puerto 9090
info: Enviroment: dev
info: MongoDB connected
info: Server corriendo en puerto 9090
info: Enviroment: dev
info: MongoDB connected
info: Server corriendo en puerto 9090
info: Enviroment: dev
info: Server corriendo en puerto 9090
info: Enviroment: dev
info: MongoDB connected
info: Request: [GET] /api/users - at 7/7/2024 - 20:12:57
info: Request processed successfully
info: Server corriendo en puerto 9090
info: Enviroment: dev
info: MongoDB connected
info: Server corriendo en puerto 9090
info: Enviroment: dev
info: Server corriendo en puerto 9090
info: Enviroment: dev
info: MongoDB connected
info: Server corriendo en puerto 9090
info: Enviroment: dev
info: MongoDB connected
info: Server corriendo en puerto 9090
info: Enviroment: dev
info: MongoDB connected
info: Server corriendo en puerto 9090
info: Enviroment: dev
info: MongoDB connected
info: Server corriendo en puerto 9090
info: Enviroment: dev
info: MongoDB connected
info: Server corriendo en puerto 9090
info: Enviroment: dev
info: MongoDB connected
info: Usuarios obtenidos
info: Server corriendo en puerto 9090
info: Enviroment: dev
info: MongoDB connected
info: Usuarios obtenidos
info: Server corriendo en puerto 9090
info: Enviroment: dev
info: MongoDB connected
info: Server corriendo en puerto 9090
info: Enviroment: dev
info: MongoDB connected
info: Server corriendo en puerto 9090
info: Enviroment: dev
info: MongoDB connected
info: Server corriendo en puerto 9090
info: Enviroment: dev
info: MongoDB connected
info: Server corriendo en puerto 9090
info: Enviroment: dev
info: MongoDB connected
info: Server corriendo en puerto 9090
info: Enviroment: dev
info: MongoDB connected
info: Usuarios obtenidos
info: Server corriendo en puerto 9090
info: Enviroment: dev
info: MongoDB connected
info: Server corriendo en puerto 9090
info: Enviroment: dev
info: MongoDB connected
info: Server corriendo en puerto 9090
info: Enviroment: dev
info: MongoDB connected
info: Server corriendo en puerto 9090
info: Enviroment: dev
info: MongoDB connected
info: Server corriendo en puerto 9090
info: Enviroment: dev
info: MongoDB connected
info: Server corriendo en puerto 9090
info: Enviroment: dev
info: MongoDB connected
info: Server corriendo en puerto 9090
info: Enviroment: dev
info: MongoDB connected
info: Server corriendo en puerto 9090
info: Enviroment: dev
info: MongoDB connected
info: Server corriendo en puerto 9090
info: Enviroment: dev
info: Server corriendo en puerto 9090
info: Enviroment: dev
info: MongoDB connected
info: Server corriendo en puerto 9090
info: Enviroment: dev
info: MongoDB connected
info: Server corriendo en puerto 9090
info: Enviroment: dev
info: MongoDB connected
info: Server corriendo en puerto 9090
info: Enviroment: dev
info: MongoDB connected
info: Server corriendo en puerto 9090
info: Enviroment: dev
info: MongoDB connected
info: Server corriendo en puerto 9090
info: Enviroment: dev
info: MongoDB connected
info: Server corriendo en puerto 9090
info: Enviroment: dev
info: MongoDB connected
info: Usuarios obtenidos
info: Server corriendo en puerto 9090
info: Enviroment: dev
info: Server corriendo en puerto 9090
info: Enviroment: dev
info: MongoDB connected
info: Server corriendo en puerto 9090
info: Enviroment: dev
info: MongoDB connected
info: Server corriendo en puerto 9090
info: Enviroment: dev
info: MongoDB connected
info: Server corriendo en puerto 9090
info: Enviroment: dev
info: MongoDB connected
info: Server corriendo en puerto 9090
info: Enviroment: dev
info: MongoDB connected
info: Server corriendo en puerto 9090
info: Enviroment: dev
info: Server corriendo en puerto 9090
info: Enviroment: dev
info: MongoDB connected
info: Server corriendo en puerto 9090
info: Enviroment: dev
info: MongoDB connected
info: Server corriendo en puerto 9090
info: Enviroment: dev
info: MongoDB connected
info: Server corriendo en puerto 9090
info: Enviroment: dev
info: MongoDB connected
info: Server corriendo en puerto 9090
info: Enviroment: dev
info: MongoDB connected
info: Server corriendo en puerto 9090
info: Enviroment: dev
info: MongoDB connected
info: Server corriendo en puerto 9090
info: Enviroment: dev
info: MongoDB connected
info: Server corriendo en puerto 9090
info: Enviroment: dev
info: MongoDB connected
info: Usuarios obtenidos
info: Server corriendo en puerto 9090
info: Enviroment: dev
info: MongoDB connected
info: Server corriendo en puerto 9090
info: Enviroment: dev
info: MongoDB connected
info: Usuarios obtenidos
info: Usuarios obtenidos
info: Usuarios obtenidos
info: Usuarios obtenidos
info: Server corriendo en puerto 9090
info: Enviroment: dev
info: MongoDB connected
info: Server corriendo en puerto 9090
info: Enviroment: dev
info: MongoDB connected
info: Server corriendo en puerto 9090
info: Enviroment: dev
info: MongoDB connected
info: Server corriendo en puerto 9090
info: Enviroment: dev
info: MongoDB connected
info: Server corriendo en puerto 9090
info: Enviroment: dev
info: MongoDB connected
info: Server corriendo en puerto 9090
info: Enviroment: dev
info: MongoDB connected
info: Server corriendo en puerto 9090
info: Enviroment: dev
info: MongoDB connected
info: Server corriendo en puerto 9090
info: Enviroment: dev
info: MongoDB connected
info: Server corriendo en puerto 9090
info: Enviroment: dev
info: MongoDB connected
info: Server corriendo en puerto 9090
info: Enviroment: dev
info: MongoDB connected
info: Server corriendo en puerto 9090
info: Enviroment: dev
info: MongoDB connected
info: Server corriendo en puerto 9090
info: Enviroment: dev
info: MongoDB connected
info: Server corriendo en puerto 9090
info: Enviroment: dev
info: Server corriendo en puerto 9090
info: Enviroment: dev
info: MongoDB connected
info: Server corriendo en puerto 9090
info: Enviroment: dev
info: MongoDB connected
info: Server corriendo en puerto 9090
info: Enviroment: dev
info: MongoDB connected
info: Server corriendo en puerto 9090
info: Enviroment: dev
info: MongoDB connected
info: Server corriendo en puerto 9090
info: Enviroment: dev
info: MongoDB connected
info: Server corriendo en puerto 9090
info: Enviroment: dev
info: MongoDB connected
info: Server corriendo en puerto 9090
info: Enviroment: dev
info: MongoDB connected
info: Server corriendo en puerto 9090
info: Enviroment: dev
info: Server corriendo en puerto 9090
info: Enviroment: dev
info: MongoDB connected
info: Server corriendo en puerto 9090
info: Enviroment: dev
info: MongoDB connected
info: Server corriendo en puerto 9090
info: Enviroment: dev
info: MongoDB connected
info: Server corriendo en puerto 9090
info: Enviroment: dev
info: MongoDB connected
info: Server corriendo en puerto 9090
info: Enviroment: dev
info: MongoDB connected
info: Server corriendo en puerto 9090
info: Enviroment: dev
info: MongoDB connected
info: Server corriendo en puerto 9090
info: Enviroment: dev
info: MongoDB connected
info: Server corriendo en puerto 9090
info: Enviroment: dev
info: MongoDB connected
info: Server corriendo en puerto 9090
info: Enviroment: dev
info: MongoDB connected
info: Server corriendo en puerto 9090
info: Enviroment: dev
info: MongoDB connected
info: Server corriendo en puerto 9090
info: Enviroment: dev
info: MongoDB connected
info: Server corriendo en puerto 9090
info: Enviroment: dev
info: MongoDB connected
info: Server corriendo en puerto 9090
info: Enviroment: dev
info: MongoDB connected
info: Server corriendo en puerto 9090
info: Enviroment: dev
info: MongoDB connected
info: Server corriendo en puerto 9090
info: Enviroment: dev
info: MongoDB connected
info: Server corriendo en puerto 9090
info: Enviroment: dev
info: MongoDB connected
info: Server corriendo en puerto 9090
info: Enviroment: dev
info: MongoDB connected
info: Server corriendo en puerto 9090
info: Enviroment: dev
info: MongoDB connected
info: Server corriendo en puerto 9090
info: Enviroment: dev
info: MongoDB connected
info: Server corriendo en puerto 9090
info: Enviroment: dev
info: MongoDB connected
info: Server corriendo en puerto 9090
info: Enviroment: dev
info: MongoDB connected
info: Server corriendo en puerto 9090
info: Enviroment: dev
info: MongoDB connected
info: Server corriendo en puerto 9090
info: Enviroment: dev
info: MongoDB connected
info: Server corriendo en puerto 9090
info: Enviroment: dev
info: MongoDB connected
info: Server corriendo en puerto 9090
info: Enviroment: dev
info: MongoDB connected
info: Server corriendo en puerto 9090
info: Enviroment: dev
info: Server corriendo en puerto 9090
info: Enviroment: dev
info: MongoDB connected
info: Server corriendo en puerto 9090
info: Enviroment: dev
info: MongoDB connected
info: Server corriendo en puerto 9090
info: Enviroment: dev
info: Server corriendo en puerto 9090
info: Enviroment: dev
info: MongoDB connected
info: Server corriendo en puerto 9090
info: Enviroment: dev
info: MongoDB connected
info: Server corriendo en puerto 9090
info: Enviroment: dev
info: Server corriendo en puerto 9090
info: Enviroment: dev
info: MongoDB connected
info: Server corriendo en puerto 9090
info: Enviroment: dev
info: MongoDB connected
info: Server corriendo en puerto 9090
info: Enviroment: dev
info: MongoDB connected
info: Server corriendo en puerto 9090
info: Enviroment: dev
info: MongoDB connected
info: Server corriendo en puerto 9090
info: Enviroment: dev
info: MongoDB connected
info: Server corriendo en puerto 9090
info: Enviroment: dev
info: MongoDB connected
info: Server corriendo en puerto 9090
info: Enviroment: dev
info: MongoDB connected
info: Server corriendo en puerto 9090
info: Enviroment: dev
info: MongoDB connected
info: Server corriendo en puerto 9090
info: Enviroment: dev
info: MongoDB connected
info: Server corriendo en puerto 9090
info: Enviroment: dev
info: MongoDB connected
info: Server corriendo en puerto 9090
info: Enviroment: dev
info: MongoDB connected
info: Server corriendo en puerto 9090
info: Enviroment: dev
info: MongoDB connected
info: Server corriendo en puerto 9090
info: Enviroment: dev
info: MongoDB connected
info: Server corriendo en puerto 9090
info: Enviroment: dev
info: MongoDB connected
info: Server corriendo en puerto 9090
info: Enviroment: dev
info: MongoDB connected
info: Server corriendo en puerto 9090
info: Enviroment: dev
info: MongoDB connected
info: Server corriendo en puerto 9090
info: Enviroment: dev
info: MongoDB connected
info: Server corriendo en puerto 9090
info: Enviroment: dev
info: MongoDB connected
info: Server corriendo en puerto 9090
info: Enviroment: dev
info: MongoDB connected
info: Server corriendo en puerto 9090
info: Enviroment: dev
info: MongoDB connected
info: Server corriendo en puerto 9090
info: Enviroment: dev
info: MongoDB connected
info: Server corriendo en puerto 9090
info: Enviroment: dev
info: MongoDB connected
info: Server corriendo en puerto 9090
info: Enviroment: dev
info: MongoDB connected
info: Server corriendo en puerto 9090
info: Enviroment: dev
info: MongoDB connected
info: Server corriendo en puerto 9090
info: Enviroment: dev
info: MongoDB connected
info: Server corriendo en puerto 9090
info: Enviroment: dev
info: MongoDB connected
info: Server corriendo en puerto 9090
info: Enviroment: dev
info: MongoDB connected
info: Server corriendo en puerto 9090
info: Enviroment: dev
info: MongoDB connected
info: Server corriendo en puerto 9090
info: Enviroment: dev
info: MongoDB connected
info: Server corriendo en puerto 9090
info: Enviroment: dev
info: MongoDB connected
info: Server corriendo en puerto 9090
info: Enviroment: dev
info: MongoDB connected
info: Server corriendo en puerto 9090
info: Enviroment: dev
info: MongoDB connected
info: Server corriendo en puerto 9090
info: Enviroment: dev
info: MongoDB connected
info: Server corriendo en puerto 9090
info: Enviroment: dev
info: MongoDB connected
info: Server corriendo en puerto 9090
info: Enviroment: dev
info: MongoDB connected
info: Server corriendo en puerto 9090
info: Enviroment: dev
info: MongoDB connected
info: Server corriendo en puerto 9090
info: Enviroment: dev
info: MongoDB connected
info: Usuarios inactivos eliminados
info: Server corriendo en puerto 9090
info: Enviroment: dev
info: MongoDB connected
info: Server corriendo en puerto 9090
info: Enviroment: dev
info: MongoDB connected
info: Usuarios inactivos eliminados
info: Server corriendo en puerto 9090
info: Enviroment: dev
info: MongoDB connected
info: Server corriendo en puerto 9090
info: Enviroment: dev
info: MongoDB connected
info: Server corriendo en puerto 9090
info: Enviroment: dev
info: MongoDB connected
info: Server corriendo en puerto 9090
info: Enviroment: dev
info: MongoDB connected
info: Server corriendo en puerto 9090
info: Enviroment: dev
info: MongoDB connected
info: Server corriendo en puerto 9090
info: Enviroment: dev
info: MongoDB connected
info: Server corriendo en puerto 9090
info: Enviroment: dev
info: MongoDB connected
info: Server corriendo en puerto 9090
info: Enviroment: dev
info: MongoDB connected
info: Server corriendo en puerto 9090
info: Enviroment: dev
info: MongoDB connected
info: Server corriendo en puerto 9090
info: Enviroment: dev
info: MongoDB connected
info: Server corriendo en puerto 9090
info: Enviroment: dev
info: MongoDB connected
info: Server corriendo en puerto 9090
info: Enviroment: dev
info: MongoDB connected
info: Server corriendo en puerto 9090
info: Enviroment: dev
info: MongoDB connected
info: Server corriendo en puerto 9090
info: Enviroment: dev
info: MongoDB connected
info: Server corriendo en puerto 9090
info: Enviroment: dev
info: MongoDB connected
info: Server corriendo en puerto 9090
info: Enviroment: dev
info: MongoDB connected
info: Server corriendo en puerto 9090
info: Enviroment: dev
info: MongoDB connected
info: Server corriendo en puerto 9090
info: Enviroment: dev
info: MongoDB connected
info: Server corriendo en puerto 9090
info: Enviroment: dev
info: MongoDB connected
info: Server corriendo en puerto 9090
info: Enviroment: dev
info: MongoDB connected
info: Server corriendo en puerto 9090
info: Enviroment: dev
info: MongoDB connected
info: Server corriendo en puerto 9090
info: Enviroment: dev
info: MongoDB connected
info: Server corriendo en puerto 9090
info: Enviroment: dev
info: Server corriendo en puerto 9090
info: Enviroment: dev
info: MongoDB connected
info: Server corriendo en puerto 9090
info: Enviroment: dev
info: MongoDB connected
info: Server corriendo en puerto 9090
info: Enviroment: dev
info: MongoDB connected
info: Server corriendo en puerto 9090
info: Enviroment: dev
info: MongoDB connected
info: Server corriendo en puerto 9090
info: Enviroment: dev
info: MongoDB connected
info: Server corriendo en puerto 9090
info: Enviroment: dev
info: MongoDB connected
info: Server corriendo en puerto 9090
info: Enviroment: dev
info: MongoDB connected
info: Server corriendo en puerto 9090
info: Enviroment: dev
info: MongoDB connected
info: Server corriendo en puerto 9090
info: Enviroment: dev
info: MongoDB connected
info: Server corriendo en puerto 9090
info: Enviroment: dev
info: MongoDB connected
info: Server corriendo en puerto 9090
info: Enviroment: dev
info: MongoDB connected
info: Server corriendo en puerto 9090
info: Enviroment: dev
info: MongoDB connected
info: Server corriendo en puerto 9090
info: Enviroment: dev
info: Server corriendo en puerto 9090
info: Enviroment: dev
info: MongoDB connected
info: Server corriendo en puerto 9090
info: Enviroment: dev
info: MongoDB connected
info: Server corriendo en puerto 9090
info: Enviroment: dev
info: MongoDB connected
info: Server corriendo en puerto 9090
info: Enviroment: dev
info: Server corriendo en puerto 9090
info: Enviroment: dev
info: MongoDB connected
info: Server corriendo en puerto 9090
info: Enviroment: dev
info: MongoDB connected
info: Server corriendo en puerto 9090
info: Enviroment: dev
info: MongoDB connected
info: Server corriendo en puerto 9090
info: Enviroment: dev
info: MongoDB connected
info: Server corriendo en puerto 9090
info: Enviroment: dev
info: MongoDB connected
info: Server corriendo en puerto 9090
info: Enviroment: dev
info: MongoDB connected
info: Server corriendo en puerto 9090
info: Enviroment: dev
info: MongoDB connected
info: Server corriendo en puerto 9090
info: Enviroment: dev
info: MongoDB connected
info: Server corriendo en puerto 9090
info: Enviroment: dev
info: MongoDB connected
info: Server corriendo en puerto 9090
info: Enviroment: dev
info: MongoDB connected
info: Server corriendo en puerto 9090
info: Enviroment: dev
info: Server corriendo en puerto 9090
info: Enviroment: dev
info: MongoDB connected
info: Server corriendo en puerto 9090
info: Enviroment: dev
info: MongoDB connected
info: Server corriendo en puerto 9090
info: Enviroment: dev
info: MongoDB connected
info: Server corriendo en puerto 9090
info: Enviroment: dev
info: MongoDB connected
info: Server corriendo en puerto 9090
info: Enviroment: dev
info: MongoDB connected
info: Server corriendo en puerto 9090
info: Enviroment: dev
info: MongoDB connected
info: Server corriendo en puerto 9090
info: Enviroment: dev
info: MongoDB connected
info: Server corriendo en puerto 9090
info: Enviroment: dev
info: MongoDB connected
info: Server corriendo en puerto 9090
info: Enviroment: dev
info: MongoDB connected
info: Server corriendo en puerto 9090
info: Enviroment: dev
info: Server corriendo en puerto 9090
info: Enviroment: dev
info: MongoDB connected
info: Server corriendo en puerto 9090
info: Enviroment: dev
info: Server corriendo en puerto 9090
info: Enviroment: dev
info: MongoDB connected
info: Server corriendo en puerto 9090
info: Enviroment: dev
info: Server corriendo en puerto 9090
info: Enviroment: dev
info: MongoDB connected
info: Server corriendo en puerto 9090
info: Enviroment: dev
info: MongoDB connected
info: Server corriendo en puerto 9090
info: Enviroment: dev
info: MongoDB connected
info: Server corriendo en puerto 9090
info: Enviroment: dev
info: MongoDB connected
info: Server corriendo en puerto 9090
info: Enviroment: dev
info: MongoDB connected
info: Server corriendo en puerto 9090
info: Enviroment: dev
info: Server corriendo en puerto 9090
info: Enviroment: dev
info: MongoDB connected
info: Server corriendo en puerto 9090
info: Enviroment: dev
info: MongoDB connected
info: Server corriendo en puerto 9090
info: Enviroment: dev
info: MongoDB connected
info: Server corriendo en puerto 9090
info: Enviroment: dev
info: MongoDB connected
info: Server corriendo en puerto 9090
info: Enviroment: dev
info: MongoDB connected
info: Server corriendo en puerto 9090
info: Enviroment: dev
info: MongoDB connected
info: Server corriendo en puerto 9090
info: Enviroment: dev
info: MongoDB connected
info: Server corriendo en puerto 9090
info: Enviroment: dev
info: MongoDB connected
info: Server corriendo en puerto 9090
info: Enviroment: dev
info: MongoDB connected
info: Server corriendo en puerto 9090
info: Enviroment: dev
info: MongoDB connected
info: Server corriendo en puerto 9090
info: Enviroment: dev
info: MongoDB connected
info: Server corriendo en puerto 9090
info: Enviroment: dev
info: Server corriendo en puerto 9090
info: Enviroment: dev
info: MongoDB connected
info: Server corriendo en puerto 9090
info: Enviroment: dev
info: MongoDB connected
info: Server corriendo en puerto 9090
info: Enviroment: dev
info: MongoDB connected
info: Server corriendo en puerto 9090
info: Enviroment: dev
info: MongoDB connected
info: Server corriendo en puerto 9090
info: Enviroment: dev
info: MongoDB connected
info: Server corriendo en puerto 9090
info: Enviroment: dev
info: MongoDB connected
info: Server corriendo en puerto 9090
info: Enviroment: dev
info: MongoDB connected
info: Server corriendo en puerto 9090
info: Enviroment: dev
info: MongoDB connected
info: Server corriendo en puerto 9090
info: Enviroment: dev
info: MongoDB connected
info: Server corriendo en puerto 9090
info: Enviroment: dev
info: MongoDB connected
info: Server corriendo en puerto 9090
info: Enviroment: dev
info: MongoDB connected
info: Server corriendo en puerto 9090
info: Enviroment: dev
info: MongoDB connected
info: Server corriendo en puerto 9090
info: Enviroment: dev
info: MongoDB connected
info: Server corriendo en puerto 9090
info: Enviroment: dev
info: MongoDB connected
info: Server corriendo en puerto 9090
info: Enviroment: dev
info: MongoDB connected
info: Server corriendo en puerto 9090
info: Enviroment: dev
info: MongoDB connected
info: Server corriendo en puerto 9090
info: Enviroment: dev
info: Server corriendo en puerto 9090
info: Enviroment: dev
info: MongoDB connected
info: Server corriendo en puerto 9090
info: Enviroment: dev
info: MongoDB connected
info: Server corriendo en puerto 9090
info: Enviroment: dev
info: MongoDB connected
info: Server corriendo en puerto 9090
info: Enviroment: dev
info: MongoDB connected
info: Server corriendo en puerto 9090
info: Enviroment: dev
info: MongoDB connected
info: Server corriendo en puerto 9090
info: Enviroment: dev
info: MongoDB connected
info: Server corriendo en puerto 9090
info: Enviroment: dev
info: MongoDB connected
info: Server corriendo en puerto 9090
info: Enviroment: dev
info: MongoDB connected
info: Server corriendo en puerto 9090
info: Enviroment: dev
info: MongoDB connected
info: Server corriendo en puerto 9090
info: Enviroment: dev
info: MongoDB connected
info: Server corriendo en puerto 9090
info: Enviroment: dev
info: MongoDB connected
info: Server corriendo en puerto 9090
info: Enviroment: dev
info: MongoDB connected
info: Server corriendo en puerto 9090
info: Enviroment: dev
info: MongoDB connected
info: Server corriendo en puerto 9090
info: Enviroment: dev
info: MongoDB connected
info: Server corriendo en puerto 9090
info: Enviroment: dev
info: MongoDB connected
info: Server corriendo en puerto 9090
info: Enviroment: dev
info: MongoDB connected
info: Server corriendo en puerto 9090
info: Enviroment: dev
info: MongoDB connected
info: Server corriendo en puerto 9090
info: Enviroment: dev
info: MongoDB connected
info: Server corriendo en puerto 9090
info: Enviroment: dev
info: Server corriendo en puerto 9090
info: Enviroment: dev
info: MongoDB connected
info: Server corriendo en puerto 9090
info: Enviroment: dev
info: MongoDB connected
info: Server corriendo en puerto 9090
info: Enviroment: dev
info: MongoDB connected
info: Server corriendo en puerto 9090
info: Enviroment: dev
info: MongoDB connected
info: Server corriendo en puerto 9090
info: Enviroment: dev
info: MongoDB connected
info: Server corriendo en puerto 9090
info: Enviroment: dev
info: MongoDB connected
info: Server corriendo en puerto 9090
info: Enviroment: dev
info: MongoDB connected
info: Server corriendo en puerto 9090
info: Enviroment: dev
info: MongoDB connected
info: Server corriendo en puerto 9090
info: Enviroment: dev
info: MongoDB connected
info: Server corriendo en puerto 9090
info: Enviroment: dev
info: MongoDB connected
info: Server corriendo en puerto 9090
info: Enviroment: dev
info: MongoDB connected
info: Server corriendo en puerto 9090
info: Enviroment: dev
info: MongoDB connected
info: Server corriendo en puerto 9090
info: Enviroment: dev
info: MongoDB connected
info: Server corriendo en puerto 9090
info: Enviroment: dev
info: MongoDB connected
info: Server corriendo en puerto 9090
info: Enviroment: dev
info: MongoDB connected
info: Server corriendo en puerto 9090
info: Enviroment: dev
info: MongoDB connected
info: Server corriendo en puerto 9090
info: Enviroment: dev
info: MongoDB connected
info: Server corriendo en puerto 9090
info: Enviroment: dev
info: Server corriendo en puerto 9090
info: Enviroment: dev
info: MongoDB connected
info: Server corriendo en puerto 9090
info: Enviroment: dev
info: MongoDB connected
info: Server corriendo en puerto 9090
info: Enviroment: dev
info: MongoDB connected
info: Server corriendo en puerto 9090
info: Enviroment: dev
info: Server corriendo en puerto 9090
info: Enviroment: dev
info: MongoDB connected
info: Server corriendo en puerto 9090
info: Enviroment: dev
info: MongoDB connected
info: Server corriendo en puerto 9090
info: Enviroment: dev
info: MongoDB connected
info: Server corriendo en puerto 9090
info: Enviroment: dev
info: MongoDB connected
info: Server corriendo en puerto 9090
info: Enviroment: dev
info: MongoDB connected
info: Server corriendo en puerto 9090
info: Enviroment: dev
info: MongoDB connected
info: Server corriendo en puerto 9090
info: Enviroment: dev
info: MongoDB connected
info: Server corriendo en puerto 9090
info: Enviroment: dev
info: MongoDB connected
info: Server corriendo en puerto 9090
info: Enviroment: dev
info: MongoDB connected
info: Server corriendo en puerto 9090
info: Enviroment: dev
info: MongoDB connected
info: Server corriendo en puerto 9090
info: Enviroment: dev
info: MongoDB connected
info: Server corriendo en puerto 9090
info: Enviroment: dev
info: MongoDB connected
info: Server corriendo en puerto 9090
info: Enviroment: dev
info: MongoDB connected
info: Server corriendo en puerto 9090
info: Enviroment: dev
info: MongoDB connected
info: Server corriendo en puerto 9090
info: Enviroment: dev
info: MongoDB connected
info: Server corriendo en puerto 9090
info: Enviroment: dev
info: MongoDB connected
info: Server corriendo en puerto 9090
info: Enviroment: dev
info: MongoDB connected
info: Server corriendo en puerto 9090
info: Enviroment: dev
info: MongoDB connected
info: Server corriendo en puerto 9090
info: Enviroment: dev
info: MongoDB connected
info: Server corriendo en puerto 9090
info: Enviroment: dev
info: Server corriendo en puerto 9090
info: Enviroment: dev
info: MongoDB connected
info: Server corriendo en puerto 9090
info: Enviroment: dev
info: MongoDB connected
info: Server corriendo en puerto 9090
info: Enviroment: dev
info: Server corriendo en puerto 9090
info: Enviroment: dev
info: MongoDB connected
info: Server corriendo en puerto 9090
info: Enviroment: dev
info: MongoDB connected
info: Server corriendo en puerto 9090
info: Enviroment: dev
info: Server corriendo en puerto 9090
info: Enviroment: dev
info: MongoDB connected
info: Server corriendo en puerto 9090
info: Enviroment: dev
info: MongoDB connected
info: Server corriendo en puerto 9090
info: Enviroment: dev
info: MongoDB connected
info: Server corriendo en puerto 9090
info: Enviroment: dev
info: MongoDB connected
info: Server corriendo en puerto 9090
info: Enviroment: dev
info: Server corriendo en puerto 9090
info: Enviroment: dev
info: MongoDB connected
info: Server corriendo en puerto 9090
info: Enviroment: dev
info: MongoDB connected
info: Server corriendo en puerto 9090
info: Enviroment: dev
info: MongoDB connected
info: Server corriendo en puerto 9090
info: Enviroment: dev
info: MongoDB connected
info: Server corriendo en puerto 9090
info: Enviroment: dev
info: MongoDB connected
info: Server corriendo en puerto 9090
info: Enviroment: dev
info: MongoDB connected
info: Server corriendo en puerto 9090
info: Enviroment: dev
info: MongoDB connected
info: Server corriendo en puerto 9090
info: Enviroment: dev
info: MongoDB connected
info: Server corriendo en puerto 9090
info: Enviroment: dev
info: MongoDB connected
info: Server corriendo en puerto 9090
info: Enviroment: dev
info: MongoDB connected
info: Server corriendo en puerto 9090
info: Enviroment: dev
info: MongoDB connected
info: Server corriendo en puerto 9090
info: Enviroment: dev
info: Server corriendo en puerto 9090
info: Enviroment: dev
info: MongoDB connected
info: Server corriendo en puerto 9090
info: Enviroment: dev
info: MongoDB connected
info: Server corriendo en puerto 9090
info: Enviroment: dev
error: undefined {"code":8000,"codeName":"AtlasError","connectionGeneration":0,"errorResponse":{"code":8000,"codeName":"AtlasError","errmsg":"bad auth : authentication failed","ok":0},"ok":0}
info: Server corriendo en puerto 9090
info: Enviroment: dev
error: undefined {"code":8000,"codeName":"AtlasError","connectionGeneration":0,"errorResponse":{"code":8000,"codeName":"AtlasError","errmsg":"bad auth : authentication failed","ok":0},"ok":0}
info: Server corriendo en puerto 9090
info: Enviroment: dev
info: MongoDB connected
info: Server corriendo en puerto 9090
info: Enviroment: dev
info: MongoDB connected
info: Server corriendo en puerto 9090
info: Enviroment: dev
info: MongoDB connected
info: Server corriendo en puerto 9090
info: Enviroment: dev
info: MongoDB connected
info: Server corriendo en puerto 9090
info: Enviroment: dev
info: MongoDB connected
info: Server corriendo en puerto 9090
info: Enviroment: dev
info: MongoDB connected
info: Server corriendo en puerto 9090
info: Enviroment: dev
info: MongoDB connected
info: Server corriendo en puerto 9090
info: Enviroment: dev
info: MongoDB connected
info: Server corriendo en puerto 9090
info: Enviroment: dev
info: MongoDB connected
info: Server corriendo en puerto 9090
info: Enviroment: dev
info: MongoDB connected
info: Server corriendo en puerto 9090
info: Enviroment: dev
info: MongoDB connected
info: Server corriendo en puerto 9090
info: Enviroment: dev
info: MongoDB connected
info: Server corriendo en puerto 9090
info: Enviroment: dev
info: MongoDB connected
info: Server corriendo en puerto 9090
info: Enviroment: dev
info: MongoDB connected
info: Server corriendo en puerto 9090
info: Enviroment: dev
info: MongoDB connected
info: Server corriendo en puerto 9090
info: Enviroment: dev
info: Server corriendo en puerto 9090
info: Enviroment: dev
info: MongoDB connected
info: Server corriendo en puerto 9090
info: Enviroment: dev
info: MongoDB connected
info: Server corriendo en puerto 9090
info: Enviroment: dev
info: MongoDB connected
info: Server corriendo en puerto 9090
info: Enviroment: dev
info: MongoDB connected
info: Server corriendo en puerto 9090
info: Enviroment: dev
info: MongoDB connected
info: Server corriendo en puerto 9090
info: Enviroment: dev
info: MongoDB connected
info: Server corriendo en puerto 9090
info: Enviroment: dev
info: MongoDB connected
info: Server corriendo en puerto 9090
info: Enviroment: dev
info: MongoDB connected
info: Server corriendo en puerto 9090
info: Enviroment: dev
info: MongoDB connected
info: Server corriendo en puerto 9090
info: Enviroment: dev
info: MongoDB connected
info: Server corriendo en puerto 9090
info: Enviroment: dev
info: MongoDB connected
info: Server corriendo en puerto 9090
info: Enviroment: dev
info: MongoDB connected
info: Server corriendo en puerto 9090
info: Enviroment: dev
info: MongoDB connected
info: Server corriendo en puerto 9090
info: Enviroment: dev
info: MongoDB connected
info: Server corriendo en puerto 9090
info: Enviroment: dev
info: MongoDB connected
info: Server corriendo en puerto 9090
info: Enviroment: dev
info: MongoDB connected
info: Server corriendo en puerto 9090
info: Enviroment: dev
info: MongoDB connected
info: Server corriendo en puerto 9090
info: Enviroment: dev
info: MongoDB connected
info: Server corriendo en puerto 9090
info: Enviroment: dev
info: Server corriendo en puerto 9090
info: Enviroment: dev
info: MongoDB connected
info: Server corriendo en puerto 9090
info: Enviroment: dev
info: Server corriendo en puerto 9090
info: Enviroment: dev
info: MongoDB connected
info: Server corriendo en puerto 9090
info: Enviroment: dev
info: MongoDB connected
info: Server corriendo en puerto 9090
info: Enviroment: dev
info: MongoDB connected
info: Server corriendo en puerto 9090
info: Enviroment: dev
info: MongoDB connected
info: Server corriendo en puerto 9090
info: Enviroment: dev
info: MongoDB connected
info: Server corriendo en puerto 9090
info: Enviroment: dev
info: MongoDB connected
info: Server corriendo en puerto 9090
info: Enviroment: dev
info: MongoDB connected
info: Server corriendo en puerto 9090
info: Enviroment: dev
info: MongoDB connected
info: Server corriendo en puerto 9090
info: Enviroment: dev
info: MongoDB connected
info: Server corriendo en puerto 9090
info: Enviroment: dev
info: MongoDB connected
info: Server corriendo en puerto 9090
info: Enviroment: dev
info: MongoDB connected
info: Server corriendo en puerto 9090
info: Enviroment: dev
info: MongoDB connected
info: Server corriendo en puerto 9090
info: Enviroment: dev
info: MongoDB connected
info: Server corriendo en puerto 9090
info: Enviroment: dev
info: MongoDB connected
info: Server corriendo en puerto 9090
info: Enviroment: dev
info: MongoDB connected
info: Server corriendo en puerto 9090
info: Enviroment: dev
info: MongoDB connected
info: Server corriendo en puerto 9090
info: Enviroment: dev
info: MongoDB connected
info: Server corriendo en puerto 9090
info: Enviroment: dev
info: MongoDB connected
info: Server corriendo en puerto 9090
info: Enviroment: dev
info: MongoDB connected
info: Server corriendo en puerto 9090
info: Enviroment: dev
info: MongoDB connected
info: Server corriendo en puerto 9090
info: Enviroment: dev
info: MongoDB connected
info: Server corriendo en puerto 9090
info: Enviroment: dev
info: MongoDB connected
info: Server corriendo en puerto 9090
info: Enviroment: dev
info: MongoDB connected
info: Server corriendo en puerto 9090
info: Enviroment: dev
info: MongoDB connected
info: Server corriendo en puerto 9090
info: Enviroment: dev
info: MongoDB connected
info: Server corriendo en puerto 9090
info: Enviroment: dev
info: MongoDB connected
info: Server corriendo en puerto 9090
info: Enviroment: dev
info: Server corriendo en puerto 9090
info: Enviroment: dev
info: MongoDB connected
info: Server corriendo en puerto 9090
info: Enviroment: dev
info: Server corriendo en puerto 9090
info: Enviroment: dev
info: MongoDB connected
info: Server corriendo en puerto 9090
info: Enviroment: dev
info: MongoDB connected
info: Server corriendo en puerto 9090
info: Enviroment: dev
info: MongoDB connected
info: Server corriendo en puerto 9090
info: Enviroment: dev
info: MongoDB connected
info: Server corriendo en puerto 9090
info: Enviroment: dev
info: MongoDB connected
info: Server corriendo en puerto 9090
info: Enviroment: dev
info: Server corriendo en puerto 9090
info: Enviroment: dev
info: MongoDB connected
info: Server corriendo en puerto 9090
info: Enviroment: dev
info: MongoDB connected
info: Server corriendo en puerto 9090
info: Enviroment: dev
info: MongoDB connected
info: Server corriendo en puerto 9090
info: Enviroment: dev
info: MongoDB connected
info: Server corriendo en puerto 9090
info: Enviroment: dev
info: MongoDB connected
info: Server corriendo en puerto 9090
info: Enviroment: dev
info: Server corriendo en puerto 9090
info: Enviroment: dev
info: MongoDB connected
info: Server corriendo en puerto 9090
info: Enviroment: dev
info: MongoDB connected
info: Server corriendo en puerto 9090
info: Enviroment: dev
info: MongoDB connected
info: Server corriendo en puerto 9090
info: Enviroment: dev
info: MongoDB connected
info: Server corriendo en puerto 9090
info: Enviroment: dev
info: MongoDB connected
info: Server corriendo en puerto 9090
info: Enviroment: dev
info: MongoDB connected
info: Server corriendo en puerto 9090
info: Enviroment: dev
info: MongoDB connected
info: Server corriendo en puerto 9090
info: Enviroment: dev
info: MongoDB connected
info: Server corriendo en puerto 9090
info: Enviroment: dev
info: MongoDB connected
info: Server corriendo en puerto 9090
info: Enviroment: dev
info: MongoDB connected
info: Server corriendo en puerto 9090
info: Enviroment: dev
info: MongoDB connected
info: Server corriendo en puerto 9090
info: Enviroment: dev
info: MongoDB connected
info: Server corriendo en puerto 9090
info: Enviroment: dev
info: MongoDB connected
info: Server corriendo en puerto 9090
info: Enviroment: dev
info: Server corriendo en puerto 9090
info: Enviroment: dev
info: MongoDB connected
info: Server corriendo en puerto 9090
info: Enviroment: dev
info: MongoDB connected
info: Server corriendo en puerto 9090
info: Enviroment: dev
info: MongoDB connected
info: Server corriendo en puerto 9090
info: Enviroment: dev
info: MongoDB connected
info: Server corriendo en puerto 9090
info: Enviroment: dev
info: MongoDB connected
info: Server corriendo en puerto 9090
info: Enviroment: dev
info: MongoDB connected
info: Server corriendo en puerto 9090
info: Enviroment: dev
info: MongoDB connected
info: Server corriendo en puerto 9090
info: Enviroment: dev
info: MongoDB connected
info: Server corriendo en puerto 9090
info: Enviroment: dev
info: MongoDB connected
info: Server corriendo en puerto 9090
info: Enviroment: dev
info: Server corriendo en puerto 9090
info: Enviroment: dev
info: MongoDB connected
info: Server corriendo en puerto 9090
info: Enviroment: dev
info: MongoDB connected
info: Server corriendo en puerto 9090
info: Enviroment: dev
info: MongoDB connected
info: Server corriendo en puerto 9090
info: Enviroment: dev
info: Server corriendo en puerto 9090
info: Enviroment: dev
info: MongoDB connected
info: Server corriendo en puerto 9090
info: Enviroment: dev
info: MongoDB connected
info: Server corriendo en puerto 9090
info: Enviroment: dev
info: MongoDB connected
info: Server corriendo en puerto 9090
info: Enviroment: dev
info: MongoDB connected
info: Server corriendo en puerto 9090
info: Enviroment: dev
info: Server corriendo en puerto 9090
info: Enviroment: dev
info: Server corriendo en puerto 9090
info: Enviroment: dev
info: MongoDB connected
info: Server corriendo en puerto 9090
info: Enviroment: dev
info: MongoDB connected
info: Server corriendo en puerto 9090
info: Enviroment: dev
info: MongoDB connected
info: Server corriendo en puerto 9090
info: Enviroment: dev
info: MongoDB connected
info: Server corriendo en puerto 9090
info: Enviroment: dev
info: MongoDB connected
info: Server corriendo en puerto 9090
info: Enviroment: dev
info: Server corriendo en puerto 9090
info: Enviroment: dev
info: MongoDB connected
info: Server corriendo en puerto 9090
info: Enviroment: dev
info: MongoDB connected
info: Server corriendo en puerto 9090
info: Enviroment: dev
info: MongoDB connected
info: Server corriendo en puerto 9090
info: Enviroment: dev
info: Server corriendo en puerto 9090
info: Enviroment: dev
info: MongoDB connected
info: Server corriendo en puerto 9090
info: Enviroment: dev
info: Server corriendo en puerto 9090
info: Enviroment: dev
info: MongoDB connected
info: Server corriendo en puerto 9090
info: Enviroment: dev
info: MongoDB connected
info: Server corriendo en puerto 9090
info: Enviroment: dev
info: MongoDB connected
info: Server corriendo en puerto 9090
info: Enviroment: dev
info: MongoDB connected
info: Server corriendo en puerto 9090
info: Enviroment: dev
info: MongoDB connected
info: Server corriendo en puerto 9090
info: Enviroment: dev
info: MongoDB connected
info: Server corriendo en puerto 9090
info: Enviroment: dev
info: MongoDB connected
info: Server corriendo en puerto 9090
info: Enviroment: dev
info: MongoDB connected
info: Server corriendo en puerto 9090
info: Enviroment: dev
info: MongoDB connected
info: Server corriendo en puerto 9090
info: Enviroment: dev
info: MongoDB connected
info: Server corriendo en puerto 9090
info: Enviroment: dev
info: MongoDB connected
info: Server corriendo en puerto 9090
info: Enviroment: dev
info: MongoDB connected
info: Server corriendo en puerto 9090
info: Enviroment: dev
info: MongoDB connected
info: Server corriendo en puerto 9090
info: Enviroment: dev
info: MongoDB connected
info: Server corriendo en puerto 9090
info: Enviroment: dev
info: MongoDB connected
info: Server corriendo en puerto 9090
info: Enviroment: dev
info: Server corriendo en puerto 9090
info: Enviroment: dev
info: MongoDB connected
info: Server corriendo en puerto 9090
info: Enviroment: dev
info: MongoDB connected
info: Server corriendo en puerto 9090
info: Enviroment: dev
info: MongoDB connected
info: Server corriendo en puerto 9090
info: Enviroment: dev
info: Server corriendo en puerto 9090
info: Enviroment: dev
info: MongoDB connected
info: Server corriendo en puerto 9090
info: Enviroment: dev
info: MongoDB connected
info: Server corriendo en puerto 9090
info: Enviroment: dev
info: MongoDB connected
info: Server corriendo en puerto 9090
info: Enviroment: dev
info: MongoDB connected
info: Server corriendo en puerto 9090
info: Enviroment: dev
info: Server corriendo en puerto 9090
info: Enviroment: dev
info: MongoDB connected
