{"level":"info","message":"MongoDB connected"}
{"level":"info","message":"MongoDB connected"}
{"level":"info","message":"MongoDB connected"}
{"level":"info","message":"MongoDB connected"}
{"level":"info","message":"MongoDB connected"}
{"level":"info","message":"MongoDB connected"}
{"level":"info","message":"MongoDB connected"}
{"level":"info","message":"MongoDB connected"}
{"level":"info","message":"MongoDB connected"}
{"level":"info","message":"MongoDB connected"}
{"level":"info","message":"MongoDB connected"}
{"level":"info","message":"MongoDB connected"}
{"level":"info","message":"MongoDB connected"}
{"level":"info","message":"MongoDB connected"}
{"level":"info","message":"MongoDB connected"}
{"level":"info","message":"MongoDB connected"}
{"level":"info","message":"MongoDB connected"}
{"level":"info","message":"MongoDB connected"}
{"level":"info","message":"MongoDB connected"}
{"level":"info","message":"MongoDB connected"}
{"level":"info","message":"MongoDB connected"}
{"level":"info","message":"MongoDB connected"}
{"level":"info","message":"MongoDB connected"}
{"level":"info","message":"MongoDB connected"}
{"level":"info","message":"MongoDB connected"}
{"level":"info","message":"MongoDB connected"}
{"level":"info","message":"MongoDB connected"}
{"level":"info","message":"MongoDB connected"}
{"level":"info","message":"MongoDB connected"}
{"level":"info","message":"MongoDB connected"}
{"level":"info","message":"MongoDB connected"}
{"level":"info","message":"MongoDB connected"}
{"level":"info","message":"MongoDB connected"}
{"level":"info","message":"MongoDB connected"}
{"level":"info","message":"MongoDB connected"}
{"level":"info","message":"MongoDB connected"}
{"level":"info","message":"MongoDB connected"}
{"level":"info","message":"MongoDB connected"}
{"level":"info","message":"MongoDB connected"}
{"level":"info","message":"MongoDB connected"}
{"level":"info","message":"MongoDB connected"}
{"level":"info","message":"MongoDB connected"}
{"level":"info","message":"MongoDB connected"}
{"level":"info","message":"MongoDB connected"}
{"level":"info","message":"MongoDB connected"}
{"level":"info","message":"MongoDB connected"}
{"level":"info","message":"MongoDB connected"}
{"level":"info","message":"MongoDB connected"}
{"level":"info","message":"MongoDB connected"}
{"level":"info","message":"MongoDB connected"}
{"level":"info","message":"MongoDB connected"}
{"level":"info","message":"MongoDB connected"}
{"level":"info","message":"MongoDB connected"}
{"level":"info","message":"MongoDB connected"}
{"level":"info","message":"MongoDB connected"}
{"level":"info","message":"MongoDB connected"}
{"level":"info","message":"MongoDB connected"}
{"level":"info","message":"MongoDB connected"}
{"level":"info","message":"MongoDB connected"}
{"level":"info","message":"MongoDB connected"}
{"level":"info","message":"MongoDB connected"}
{"level":"info","message":"MongoDB connected"}
{"level":"info","message":"MongoDB connected"}
{"level":"info","message":"MongoDB connected"}
{"level":"info","message":"MongoDB connected"}
{"level":"info","message":"MongoDB connected"}
{"level":"info","message":"MongoDB connected"}
{"level":"info","message":"MongoDB connected"}
{"level":"info","message":"MongoDB connected"}
{"level":"info","message":"MongoDB connected"}
{"level":"info","message":"MongoDB connected"}
{"level":"info","message":"MongoDB connected"}
{"level":"info","message":"MongoDB connected"}
{"level":"info","message":"MongoDB connected"}
{"level":"info","message":"MongoDB connected"}
{"level":"info","message":"MongoDB connected"}
{"level":"info","message":"MongoDB connected"}
{"level":"info","message":"MongoDB connected"}
{"level":"info","message":"MongoDB connected"}
{"level":"info","message":"MongoDB connected"}
{"level":"info","message":"MongoDB connected"}
{"level":"info","message":"MongoDB connected"}
{"level":"info","message":"MongoDB connected"}
{"level":"info","message":"MongoDB connected"}
{"level":"info","message":"MongoDB connected"}
{"level":"info","message":"MongoDB connected"}
{"level":"info","message":"MongoDB connected"}
{"level":"info","message":"MongoDB connected"}
{"level":"info","message":"MongoDB connected"}
{"level":"info","message":"MongoDB connected"}
{"level":"info","message":"MongoDB connected"}
{"level":"info","message":"MongoDB connected"}
{"level":"info","message":"MongoDB connected"}
{"level":"info","message":"MongoDB connected"}
{"level":"info","message":"MongoDB connected"}
{"level":"info","message":"MongoDB connected"}
{"level":"info","message":"MongoDB connected"}
{"level":"info","message":"MongoDB connected"}
{"level":"info","message":"MongoDB connected"}
{"level":"info","message":"MongoDB connected"}
{"level":"info","message":"MongoDB connected"}
{"level":"info","message":"MongoDB connected"}
{"level":"info","message":"MongoDB connected"}
{"level":"info","message":"MongoDB connected"}
{"level":"info","message":"MongoDB connected"}
{"level":"info","message":"MongoDB connected"}
{"level":"info","message":"MongoDB connected"}
{"level":"info","message":"MongoDB connected"}
{"level":"info","message":"MongoDB connected"}
{"level":"info","message":"MongoDB connected"}
{"level":"info","message":"MongoDB connected"}
{"level":"info","message":"MongoDB connected"}
{"level":"info","message":"MongoDB connected"}
{"level":"info","message":"MongoDB connected"}
{"level":"info","message":"MongoDB connected"}
{"level":"info","message":"MongoDB connected"}
{"level":"info","message":"MongoDB connected"}
{"level":"info","message":"MongoDB connected"}
{"level":"info","message":"MongoDB connected"}
{"level":"info","message":"MongoDB connected"}
{"level":"info","message":"MongoDB connected"}
{"level":"info","message":"MongoDB connected"}
{"level":"info","message":"MongoDB connected"}
{"level":"info","message":"MongoDB connected"}
{"level":"info","message":"MongoDB connected"}
{"level":"info","message":"MongoDB connected"}
{"level":"info","message":"MongoDB connected"}
{"level":"info","message":"MongoDB connected"}
{"level":"info","message":"MongoDB connected"}
{"level":"info","message":"MongoDB connected"}
{"level":"info","message":"MongoDB connected"}
{"level":"info","message":"MongoDB connected"}
{"level":"info","message":"MongoDB connected"}
{"level":"info","message":"MongoDB connected"}
{"level":"info","message":"MongoDB connected"}
{"level":"info","message":"MongoDB connected"}
{"level":"info","message":"MongoDB connected"}
{"level":"info","message":"MongoDB connected"}
{"level":"info","message":"MongoDB connected"}
{"level":"info","message":"MongoDB connected"}
{"level":"info","message":"MongoDB connected"}
{"level":"info","message":"MongoDB connected"}
{"level":"info","message":"MongoDB connected"}
{"level":"info","message":"MongoDB connected"}
{"level":"info","message":"MongoDB connected"}
{"level":"info","message":"MongoDB connected"}
{"level":"info","message":"MongoDB connected"}
{"level":"info","message":"MongoDB connected"}
{"level":"info","message":"MongoDB connected"}
{"level":"info","message":"MongoDB connected"}
{"level":"info","message":"MongoDB connected"}
{"level":"info","message":"MongoDB connected"}
{"level":"info","message":"MongoDB connected"}
{"level":"info","message":"MongoDB connected"}
{"level":"info","message":"MongoDB connected"}
{"level":"info","message":"MongoDB connected"}
{"level":"info","message":"MongoDB connected"}
{"level":"info","message":"MongoDB connected"}
{"level":"info","message":"MongoDB connected"}
{"level":"info","message":"MongoDB connected"}
{"level":"info","message":"MongoDB connected"}
{"level":"info","message":"MongoDB connected"}
{"level":"info","message":"MongoDB connected"}
{"level":"info","message":"MongoDB connected"}
{"level":"info","message":"MongoDB connected"}
{"level":"info","message":"MongoDB connected"}
{"level":"info","message":"MongoDB connected"}
{"level":"info","message":"MongoDB connected"}
{"level":"info","message":"MongoDB connected"}
{"level":"info","message":"MongoDB connected"}
{"level":"info","message":"MongoDB connected"}
{"level":"info","message":"MongoDB connected"}
{"level":"info","message":"MongoDB connected"}
{"level":"info","message":"MongoDB connected"}
{"level":"info","message":"MongoDB connected"}
{"level":"info","message":"MongoDB connected"}
{"level":"info","message":"MongoDB connected"}
{"level":"info","message":"MongoDB connected"}
{"level":"info","message":"MongoDB connected"}
{"level":"info","message":"MongoDB connected"}
{"level":"info","message":"MongoDB connected"}
{"level":"info","message":"MongoDB connected"}
{"level":"info","message":"MongoDB connected"}
{"level":"info","message":"MongoDB connected"}
{"level":"info","message":"MongoDB connected"}
{"level":"info","message":"MongoDB connected"}
{"level":"info","message":"MongoDB connected"}
{"level":"info","message":"MongoDB connected"}
{"level":"info","message":"MongoDB connected"}
{"level":"info","message":"MongoDB connected"}
{"level":"info","message":"MongoDB connected"}
{"level":"info","message":"MongoDB connected"}
{"level":"info","message":"MongoDB connected"}
{"level":"info","message":"MongoDB connected"}
{"level":"info","message":"MongoDB connected"}
{"level":"info","message":"MongoDB connected"}
{"level":"info","message":"MongoDB connected"}
{"level":"info","message":"MongoDB connected"}
{"level":"info","message":"MongoDB connected"}
{"level":"info","message":"MongoDB connected"}
{"level":"info","message":"MongoDB connected"}
{"level":"info","message":"MongoDB connected"}
{"level":"info","message":"MongoDB connected"}
{"level":"info","message":"MongoDB connected"}
{"level":"info","message":"MongoDB connected"}
{"level":"info","message":"MongoDB connected"}
{"level":"info","message":"MongoDB connected"}
{"level":"info","message":"MongoDB connected"}
{"level":"info","message":"MongoDB connected"}
{"level":"info","message":"MongoDB connected"}
{"level":"info","message":"MongoDB connected"}
{"level":"info","message":"MongoDB connected"}
{"level":"info","message":"MongoDB connected"}
{"level":"info","message":"MongoDB connected"}
{"level":"info","message":"MongoDB connected"}
{"level":"info","message":"MongoDB connected"}
{"level":"info","message":"MongoDB connected"}
{"level":"info","message":"MongoDB connected"}
{"level":"info","message":"MongoDB connected"}
{"level":"info","message":"MongoDB connected"}
{"level":"info","message":"MongoDB connected"}
{"level":"info","message":"MongoDB connected"}
{"level":"info","message":"MongoDB connected"}
{"level":"info","message":"MongoDB connected"}
{"level":"info","message":"MongoDB connected"}
{"level":"info","message":"MongoDB connected"}
{"level":"info","message":"MongoDB connected"}
{"level":"info","message":"MongoDB connected"}
{"level":"info","message":"MongoDB connected"}
{"level":"info","message":"MongoDB connected"}
{"level":"info","message":"MongoDB connected"}
{"level":"info","message":"MongoDB connected"}
{"level":"info","message":"MongoDB connected"}
{"level":"info","message":"MongoDB connected"}
{"level":"info","message":"MongoDB connected"}
{"level":"info","message":"MongoDB connected"}
{"level":"info","message":"MongoDB connected"}
{"level":"info","message":"MongoDB connected"}
{"level":"info","message":"MongoDB connected"}
{"level":"info","message":"MongoDB connected"}
{"level":"info","message":"MongoDB connected"}
{"level":"info","message":"MongoDB connected"}
{"level":"info","message":"MongoDB connected"}
{"level":"info","message":"Request: [GET] /api/test/loggerTest"}
{"level":"debug","message":"This is a debug message"}
{"level":"http","message":"This is an HTTP message"}
{"level":"info","message":"This is an info message"}
{"level":"warning","message":"This is a warning message"}
{"level":"error","message":"This is an error message"}
{"level":"info","message":"Request processed successfully"}
{"level":"info","message":"MongoDB connected"}
{"level":"info","message":"MongoDB connected"}
{"level":"info","message":"MongoDB connected"}
{"level":"info","message":"MongoDB connected"}
{"level":"info","message":"MongoDB connected"}
{"level":"info","message":"MongoDB connected"}
{"level":"info","message":"MongoDB connected"}
{"level":"info","message":"MongoDB connected"}
{"level":"info","message":"MongoDB connected"}
{"level":"info","message":"MongoDB connected"}
{"level":"info","message":"MongoDB connected"}
{"level":"info","message":"MongoDB connected"}
{"level":"info","message":"MongoDB connected"}
{"level":"info","message":"MongoDB connected"}
{"level":"info","message":"MongoDB connected"}
{"level":"info","message":"MongoDB connected"}
{"level":"info","message":"MongoDB connected"}
{"level":"info","message":"MongoDB connected"}
{"level":"info","message":"MongoDB connected"}
{"level":"info","message":"MongoDB connected"}
{"level":"info","message":"MongoDB connected"}
{"level":"info","message":"MongoDB connected"}
{"level":"info","message":"MongoDB connected"}
{"level":"info","message":"MongoDB connected"}
{"level":"info","message":"MongoDB connected"}
{"level":"info","message":"MongoDB connected"}
{"level":"info","message":"MongoDB connected"}
{"level":"info","message":"MongoDB connected"}
{"level":"info","message":"MongoDB connected"}
{"level":"info","message":"MongoDB connected"}
{"level":"info","message":"MongoDB connected"}
{"level":"info","message":"MongoDB connected"}
{"level":"info","message":"MongoDB connected"}
{"level":"info","message":"MongoDB connected"}
{"level":"info","message":"MongoDB connected"}
{"level":"info","message":"MongoDB connected"}
{"level":"info","message":"MongoDB connected"}
{"level":"info","message":"MongoDB connected"}
{"level":"info","message":"MongoDB connected"}
{"level":"info","message":"MongoDB connected"}
{"level":"info","message":"MongoDB connected"}
{"level":"info","message":"MongoDB connected"}
{"level":"info","message":"MongoDB connected"}
{"level":"info","message":"MongoDB connected"}
{"level":"info","message":"MongoDB connected"}
{"level":"info","message":"MongoDB connected"}
{"level":"info","message":"MongoDB connected"}
{"level":"info","message":"MongoDB connected"}
{"level":"info","message":"MongoDB connected"}
{"level":"info","message":"MongoDB connected"}
{"level":"info","message":"MongoDB connected"}
{"level":"info","message":"MongoDB connected"}
{"level":"info","message":"MongoDB connected"}
{"level":"info","message":"MongoDB connected"}
{"level":"info","message":"MongoDB connected"}
{"level":"info","message":"MongoDB connected"}
{"level":"info","message":"MongoDB connected"}
{"level":"info","message":"MongoDB connected"}
{"level":"info","message":"MongoDB connected"}
{"level":"info","message":"MongoDB connected"}
{"level":"info","message":"MongoDB connected"}
{"level":"info","message":"MongoDB connected"}
{"level":"info","message":"MongoDB connected"}
{"level":"info","message":"MongoDB connected"}
{"level":"info","message":"MongoDB connected"}
{"level":"info","message":"MongoDB connected"}
{"level":"info","message":"MongoDB connected"}
{"level":"info","message":"MongoDB connected"}
{"level":"info","message":"MongoDB connected"}
{"level":"info","message":"MongoDB connected"}
{"level":"info","message":"MongoDB connected"}
{"level":"info","message":"MongoDB connected"}
{"level":"info","message":"MongoDB connected"}
{"level":"info","message":"MongoDB connected"}
{"level":"info","message":"MongoDB connected"}
{"level":"info","message":"MongoDB connected"}
{"level":"info","message":"MongoDB connected"}
{"level":"info","message":"MongoDB connected"}
{"level":"info","message":"MongoDB connected"}
{"level":"info","message":"MongoDB connected"}
{"level":"info","message":"MongoDB connected"}
{"level":"info","message":"MongoDB connected"}
{"level":"info","message":"MongoDB connected"}
{"level":"info","message":"MongoDB connected"}
{"level":"info","message":"MongoDB connected"}
{"level":"info","message":"MongoDB connected"}
{"level":"info","message":"MongoDB connected"}
{"level":"info","message":"MongoDB connected"}
{"level":"info","message":"MongoDB connected"}
{"level":"info","message":"MongoDB connected"}
{"level":"info","message":"MongoDB connected"}
{"level":"info","message":"MongoDB connected"}
{"level":"info","message":"MongoDB connected"}
{"level":"info","message":"MongoDB connected"}
{"level":"info","message":"MongoDB connected"}
{"level":"info","message":"MongoDB connected"}
{"level":"info","message":"MongoDB connected"}
{"level":"info","message":"MongoDB connected"}
{"level":"info","message":"MongoDB connected"}
{"level":"info","message":"MongoDB connected"}
{"level":"info","message":"MongoDB connected"}
{"level":"info","message":"MongoDB connected"}
{"level":"info","message":"MongoDB connected"}
{"level":"info","message":"MongoDB connected"}
{"level":"info","message":"MongoDB connected"}
{"level":"info","message":"MongoDB connected"}
{"level":"info","message":"MongoDB connected"}
{"level":"info","message":"MongoDB connected"}
{"level":"info","message":"MongoDB connected"}
{"level":"info","message":"MongoDB connected"}
{"level":"info","message":"MongoDB connected"}
{"level":"info","message":"MongoDB connected"}
{"level":"info","message":"MongoDB connected"}
{"level":"info","message":"MongoDB connected"}
{"level":"info","message":"MongoDB connected"}
{"level":"info","message":"MongoDB connected"}
{"level":"info","message":"MongoDB connected"}
{"level":"info","message":"MongoDB connected"}
{"level":"info","message":"MongoDB connected"}
{"level":"info","message":"MongoDB connected"}
{"level":"info","message":"MongoDB connected"}
{"level":"info","message":"MongoDB connected"}
{"level":"info","message":"MongoDB connected"}
{"level":"info","message":"MongoDB connected"}
{"level":"info","message":"MongoDB connected"}
{"level":"info","message":"MongoDB connected"}
{"level":"info","message":"MongoDB connected"}
{"level":"info","message":"MongoDB connected"}
{"level":"info","message":"MongoDB connected"}
{"level":"info","message":"MongoDB connected"}
{"level":"info","message":"MongoDB connected"}
{"level":"info","message":"MongoDB connected"}
{"level":"info","message":"MongoDB connected"}
{"level":"info","message":"MongoDB connected"}
{"level":"info","message":"MongoDB connected"}
{"level":"info","message":"MongoDB connected"}
{"level":"info","message":"MongoDB connected"}
{"level":"info","message":"MongoDB connected"}
{"level":"info","message":"MongoDB connected"}
{"level":"info","message":"MongoDB connected"}
{"level":"info","message":"MongoDB connected"}
{"level":"info","message":"MongoDB connected"}
{"level":"info","message":"MongoDB connected"}
{"level":"info","message":"MongoDB connected"}
{"level":"info","message":"MongoDB connected"}
{"level":"info","message":"MongoDB connected"}
{"level":"info","message":"MongoDB connected"}
{"level":"info","message":"MongoDB connected"}
{"level":"info","message":"MongoDB connected"}
